#
# There is insufficient memory for the Java Runtime Environment to continue.
# Native memory allocation (mmap) failed to map 68157440 bytes. Error detail: G1 virtual space
# Possible reasons:
#   The system is out of physical RAM or swap space
#   This process is running with CompressedOops enabled, and the Java Heap may be blocking the growth of the native heap
# Possible solutions:
#   Reduce memory load on the system
#   Increase physical memory or swap space
#   Check if swap backing store is full
#   Decrease Java heap size (-Xmx/-Xms)
#   Decrease number of Java threads
#   Decrease Java thread stack sizes (-Xss)
#   Set larger code cache with -XX:ReservedCodeCacheSize=
#   JVM is running with Unscaled Compressed Oops mode in which the Java heap is
#     placed in the first 4GB address space. The Java Heap base address is the
#     maximum limit for the native heap growth. Please use -XX:HeapBaseMinAddress
#     to set the Java Heap base and to place the Java Heap above 4GB virtual address.
# This output file may be truncated or incomplete.
#
#  Out of Memory Error (os_windows.cpp:3825), pid=21688, tid=18792
#
# JRE version: OpenJDK Runtime Environment (17.0.11) (build 17.0.11+0--11852314)
# Java VM: OpenJDK 64-Bit Server VM (17.0.11+0--11852314, mixed mode, tiered, compressed oops, compressed class ptrs, g1 gc, windows-amd64)
# No core dump will be written. Minidumps are not enabled by default on client versions of Windows
#

---------------  S U M M A R Y ------------

Command Line: --add-opens=java.base/java.util=ALL-UNNAMED --add-opens=java.base/java.lang=ALL-UNNAMED --add-opens=java.base/java.lang.invoke=ALL-UNNAMED --add-opens=java.prefs/java.util.prefs=ALL-UNNAMED --add-opens=java.base/java.nio.charset=ALL-UNNAMED --add-opens=java.base/java.net=ALL-UNNAMED --add-opens=java.base/java.util.concurrent.atomic=ALL-UNNAMED -Xmx2048m -Dfile.encoding=UTF-8 -Duser.country=CN -Duser.language=zh -Duser.variant -javaagent:D:\AndroidSDK\gradle\wrapper\dists\gradle-8.7-bin\bhs2wmbdwecv87pi65oeuq5iu\gradle-8.7\lib\agents\gradle-instrumentation-agent-8.7.jar org.gradle.launcher.daemon.bootstrap.GradleDaemon 8.7

Host: Intel(R) Core(TM) i7-14700HX, 28 cores, 15G,  Windows 11 , 64 bit Build 26100 (10.0.26100.4484)
Time: Mon Jul 21 23:46:38 2025  Windows 11 , 64 bit Build 26100 (10.0.26100.4484) elapsed time: 6.526613 seconds (0d 0h 0m 6s)

---------------  T H R E A D  ---------------

Current thread (0x00000295ad8fcc00):  VMThread "VM Thread" [stack: 0x000000a9f4d00000,0x000000a9f4e00000] [id=18792]

Stack: [0x000000a9f4d00000,0x000000a9f4e00000]
Native frames: (J=compiled Java code, j=interpreted, Vv=VM code, C=native code)
V  [jvm.dll+0x687bb9]
V  [jvm.dll+0x84142a]
V  [jvm.dll+0x8430ae]
V  [jvm.dll+0x843713]
V  [jvm.dll+0x24a35f]
V  [jvm.dll+0x684989]
V  [jvm.dll+0x67923a]
V  [jvm.dll+0x30af0b]
V  [jvm.dll+0x3123b6]
V  [jvm.dll+0x361dfe]
V  [jvm.dll+0x36202f]
V  [jvm.dll+0x2e0d38]
V  [jvm.dll+0x2df144]
V  [jvm.dll+0x2de74c]
V  [jvm.dll+0x32305b]
V  [jvm.dll+0x847e0b]
V  [jvm.dll+0x848b42]
V  [jvm.dll+0x84905d]
V  [jvm.dll+0x849434]
V  [jvm.dll+0x849500]
V  [jvm.dll+0x7efa4a]
V  [jvm.dll+0x686a35]
C  [ucrtbase.dll+0x37b0]
C  [KERNEL32.DLL+0x2e8d7]
C  [ntdll.dll+0x3c34c]

VM_Operation (0x000000a9f6af43b0): G1CollectForAllocation, mode: safepoint, requested by thread 0x00000295b3940350


---------------  P R O C E S S  ---------------

Threads class SMR info:
_java_thread_list=0x00000295b6242b20, length=91, elements={
0x0000029590138870, 0x00000295ad902b90, 0x00000295ad934d30, 0x00000295ad923f10,
0x00000295ad9247e0, 0x00000295ad9250b0, 0x00000295ad942e90, 0x00000295ad943760,
0x00000295ad944070, 0x00000295ad944980, 0x00000295adade000, 0x00000295adade920,
0x00000295ada5c720, 0x00000295ad1b5530, 0x00000295adc27a40, 0x00000295b205b030,
0x00000295b44175c0, 0x00000295b32b0a00, 0x00000295b447e520, 0x00000295b334eca0,
0x00000295b34d5560, 0x00000295b3997140, 0x00000295b3940350, 0x00000295b2e910d0,
0x00000295b2e92a20, 0x00000295b2e915e0, 0x00000295b2e91af0, 0x00000295b2e92000,
0x00000295b3ffe550, 0x00000295b3ffea60, 0x00000295b3ffef70, 0x00000295b40008c0,
0x00000295b4000dd0, 0x00000295b3fff480, 0x00000295b3fff990, 0x00000295b3fffea0,
0x00000295b3ffdb30, 0x00000295b3ffe040, 0x00000295b3ffd620, 0x00000295b4003b60,
0x00000295b4003650, 0x00000295b4002720, 0x00000295b4002210, 0x00000295b40012e0,
0x00000295b4003140, 0x00000295b4004580, 0x00000295b4004070, 0x00000295b4004a90,
0x00000295b4001d00, 0x00000295b4004fa0, 0x00000295b4002c30, 0x00000295b40017f0,
0x00000295b680fff0, 0x00000295b680f0c0, 0x00000295b6811940, 0x00000295b680ebb0,
0x00000295b680fae0, 0x00000295b680f5d0, 0x00000295b6810500, 0x00000295b6811e50,
0x00000295b680e6a0, 0x00000295b68137a0, 0x00000295b6810a10, 0x00000295b6811430,
0x00000295b6810f20, 0x00000295b6812360, 0x00000295b6812d80, 0x00000295b6813290,
0x00000295b6813cb0, 0x00000295b6816020, 0x00000295b68141c0, 0x00000295b68146d0,
0x00000295b6815600, 0x00000295b6814be0, 0x00000295b6815b10, 0x00000295b68150f0,
0x00000295b668ddf0, 0x00000295b668d3d0, 0x00000295b668e300, 0x00000295b668d8e0,
0x00000295b668e810, 0x00000295b668ba80, 0x00000295b668b060, 0x00000295b668cec0,
0x00000295b668ed20, 0x00000295b668b570, 0x00000295b668f230, 0x00000295b668f740,
0x00000295b668bf90, 0x00000295b668fc50, 0x00000295b668c4a0
}

Java Threads: ( => current thread )
  0x0000029590138870 JavaThread "main" [_thread_blocked, id=36880, stack(0x000000a9f4700000,0x000000a9f4800000)]
  0x00000295ad902b90 JavaThread "Reference Handler" daemon [_thread_blocked, id=34844, stack(0x000000a9f4e00000,0x000000a9f4f00000)]
  0x00000295ad934d30 JavaThread "Finalizer" daemon [_thread_blocked, id=31136, stack(0x000000a9f4f00000,0x000000a9f5000000)]
  0x00000295ad923f10 JavaThread "Signal Dispatcher" daemon [_thread_blocked, id=33500, stack(0x000000a9f5000000,0x000000a9f5100000)]
  0x00000295ad9247e0 JavaThread "Attach Listener" daemon [_thread_blocked, id=19640, stack(0x000000a9f5100000,0x000000a9f5200000)]
  0x00000295ad9250b0 JavaThread "Service Thread" daemon [_thread_blocked, id=26508, stack(0x000000a9f5200000,0x000000a9f5300000)]
  0x00000295ad942e90 JavaThread "Monitor Deflation Thread" daemon [_thread_blocked, id=17092, stack(0x000000a9f5300000,0x000000a9f5400000)]
  0x00000295ad943760 JavaThread "C2 CompilerThread0" daemon [_thread_blocked, id=7788, stack(0x000000a9f5400000,0x000000a9f5500000)]
  0x00000295ad944070 JavaThread "C1 CompilerThread0" daemon [_thread_blocked, id=15848, stack(0x000000a9f5500000,0x000000a9f5600000)]
  0x00000295ad944980 JavaThread "Sweeper thread" daemon [_thread_blocked, id=37596, stack(0x000000a9f5600000,0x000000a9f5700000)]
  0x00000295adade000 JavaThread "Common-Cleaner" daemon [_thread_blocked, id=24192, stack(0x000000a9f5700000,0x000000a9f5800000)]
  0x00000295adade920 JavaThread "C1 CompilerThread1" daemon [_thread_blocked, id=37444, stack(0x000000a9f5800000,0x000000a9f5900000)]
  0x00000295ada5c720 JavaThread "C1 CompilerThread2" daemon [_thread_blocked, id=36136, stack(0x000000a9f5900000,0x000000a9f5a00000)]
  0x00000295ad1b5530 JavaThread "C1 CompilerThread3" daemon [_thread_blocked, id=20600, stack(0x000000a9f5a00000,0x000000a9f5b00000)]
  0x00000295adc27a40 JavaThread "Notification Thread" daemon [_thread_blocked, id=33272, stack(0x000000a9f5b00000,0x000000a9f5c00000)]
  0x00000295b205b030 JavaThread "C2 CompilerThread1" daemon [_thread_blocked, id=18576, stack(0x000000a9f5d00000,0x000000a9f5e00000)]
  0x00000295b44175c0 JavaThread "Daemon health stats" [_thread_blocked, id=25288, stack(0x000000a9f6400000,0x000000a9f6500000)]
  0x00000295b32b0a00 JavaThread "Incoming local TCP Connector on port 59718" [_thread_in_native, id=26736, stack(0x000000a9f6500000,0x000000a9f6600000)]
  0x00000295b447e520 JavaThread "Daemon periodic checks" [_thread_blocked, id=36908, stack(0x000000a9f6600000,0x000000a9f6700000)]
  0x00000295b334eca0 JavaThread "Daemon" [_thread_blocked, id=27024, stack(0x000000a9f6700000,0x000000a9f6800000)]
  0x00000295b34d5560 JavaThread "Handler for socket connection from /127.0.0.1:59718 to /127.0.0.1:59719" [_thread_in_native, id=19232, stack(0x000000a9f6800000,0x000000a9f6900000)]
  0x00000295b3997140 JavaThread "Cancel handler" [_thread_blocked, id=28288, stack(0x000000a9f6900000,0x000000a9f6a00000)]
  0x00000295b3940350 JavaThread "Daemon worker" [_thread_blocked, id=28708, stack(0x000000a9f6a00000,0x000000a9f6b00000)]
  0x00000295b2e910d0 JavaThread "Asynchronous log dispatcher for DefaultDaemonConnection: socket connection from /127.0.0.1:59718 to /127.0.0.1:59719" [_thread_blocked, id=11536, stack(0x000000a9f6b00000,0x000000a9f6c00000)]
  0x00000295b2e92a20 JavaThread "Stdin handler" [_thread_blocked, id=37076, stack(0x000000a9f6c00000,0x000000a9f6d00000)]
  0x00000295b2e915e0 JavaThread "Daemon client event forwarder" [_thread_blocked, id=32972, stack(0x000000a9f6d00000,0x000000a9f6e00000)]
  0x00000295b2e91af0 JavaThread "Cache worker for journal cache (D:\AndroidSDK\gradle\caches\journal-1)" [_thread_blocked, id=4044, stack(0x000000a9f8000000,0x000000a9f8100000)]
  0x00000295b2e92000 JavaThread "File lock request listener" [_thread_in_native, id=37228, stack(0x000000a9f8100000,0x000000a9f8200000)]
  0x00000295b3ffe550 JavaThread "Cache worker for file hash cache (D:\AndroidSDK\gradle\caches\8.7\fileHashes)" [_thread_blocked, id=7132, stack(0x000000a9f8200000,0x000000a9f8300000)]
  0x00000295b3ffea60 JavaThread "Cache worker for file hash cache (D:\openeye\.gradle\8.7\fileHashes)" [_thread_blocked, id=4860, stack(0x000000a9f8300000,0x000000a9f8400000)]
  0x00000295b3ffef70 JavaThread "File watcher server" daemon [_thread_blocked, id=17036, stack(0x000000a9f8400000,0x000000a9f8500000)]
  0x00000295b40008c0 JavaThread "File watcher consumer" daemon [_thread_blocked, id=13620, stack(0x000000a9f8500000,0x000000a9f8600000)]
  0x00000295b4000dd0 JavaThread "Cache worker for checksums cache (D:\openeye\.gradle\8.7\checksums)" [_thread_blocked, id=37072, stack(0x000000a9f8600000,0x000000a9f8700000)]
  0x00000295b3fff480 JavaThread "Cache worker for cache directory md-supplier (D:\AndroidSDK\gradle\caches\8.7\md-supplier)" [_thread_blocked, id=5136, stack(0x000000a9f8700000,0x000000a9f8800000)]
  0x00000295b3fff990 JavaThread "Cache worker for cache directory md-rule (D:\AndroidSDK\gradle\caches\8.7\md-rule)" [_thread_blocked, id=6740, stack(0x000000a9f8800000,0x000000a9f8900000)]
  0x00000295b3fffea0 JavaThread "Cache worker for file content cache (D:\AndroidSDK\gradle\caches\8.7\fileContent)" [_thread_blocked, id=21468, stack(0x000000a9f8900000,0x000000a9f8a00000)]
  0x00000295b3ffdb30 JavaThread "Cache worker for Build Output Cleanup Cache (D:\openeye\.gradle\buildOutputCleanup)" [_thread_blocked, id=5348, stack(0x000000a9f8a00000,0x000000a9f8b00000)]
  0x00000295b3ffe040 JavaThread "Unconstrained build operations" [_thread_blocked, id=16944, stack(0x000000a9f8b00000,0x000000a9f8c00000)]
  0x00000295b3ffd620 JavaThread "Unconstrained build operations Thread 2" [_thread_blocked, id=36344, stack(0x000000a9f8c00000,0x000000a9f8d00000)]
  0x00000295b4003b60 JavaThread "Unconstrained build operations Thread 3" [_thread_blocked, id=6384, stack(0x000000a9f8d00000,0x000000a9f8e00000)]
  0x00000295b4003650 JavaThread "Unconstrained build operations Thread 4" [_thread_blocked, id=37508, stack(0x000000a9f8e00000,0x000000a9f8f00000)]
  0x00000295b4002720 JavaThread "Unconstrained build operations Thread 5" [_thread_blocked, id=35928, stack(0x000000a9f8f00000,0x000000a9f9000000)]
  0x00000295b4002210 JavaThread "Unconstrained build operations Thread 6" [_thread_blocked, id=7164, stack(0x000000a9f9000000,0x000000a9f9100000)]
  0x00000295b40012e0 JavaThread "Unconstrained build operations Thread 7" [_thread_blocked, id=20608, stack(0x000000a9f9100000,0x000000a9f9200000)]
  0x00000295b4003140 JavaThread "Unconstrained build operations Thread 8" [_thread_blocked, id=31688, stack(0x000000a9f9200000,0x000000a9f9300000)]
  0x00000295b4004580 JavaThread "Unconstrained build operations Thread 9" [_thread_blocked, id=37400, stack(0x000000a9f9300000,0x000000a9f9400000)]
  0x00000295b4004070 JavaThread "Unconstrained build operations Thread 10" [_thread_blocked, id=28540, stack(0x000000a9f9400000,0x000000a9f9500000)]
  0x00000295b4004a90 JavaThread "Unconstrained build operations Thread 11" [_thread_blocked, id=4872, stack(0x000000a9f9500000,0x000000a9f9600000)]
  0x00000295b4001d00 JavaThread "Unconstrained build operations Thread 12" [_thread_blocked, id=24572, stack(0x000000a9f9600000,0x000000a9f9700000)]
  0x00000295b4004fa0 JavaThread "Unconstrained build operations Thread 13" [_thread_blocked, id=1920, stack(0x000000a9f9700000,0x000000a9f9800000)]
  0x00000295b4002c30 JavaThread "Unconstrained build operations Thread 14" [_thread_blocked, id=9588, stack(0x000000a9f9800000,0x000000a9f9900000)]
  0x00000295b40017f0 JavaThread "Unconstrained build operations Thread 15" [_thread_blocked, id=26640, stack(0x000000a9f9900000,0x000000a9f9a00000)]
  0x00000295b680fff0 JavaThread "Unconstrained build operations Thread 16" [_thread_blocked, id=5556, stack(0x000000a9f9a00000,0x000000a9f9b00000)]
  0x00000295b680f0c0 JavaThread "Unconstrained build operations Thread 17" [_thread_blocked, id=29420, stack(0x000000a9f9b00000,0x000000a9f9c00000)]
  0x00000295b6811940 JavaThread "Unconstrained build operations Thread 18" [_thread_blocked, id=37536, stack(0x000000a9f9c00000,0x000000a9f9d00000)]
  0x00000295b680ebb0 JavaThread "Unconstrained build operations Thread 19" [_thread_blocked, id=28564, stack(0x000000a9f9d00000,0x000000a9f9e00000)]
  0x00000295b680fae0 JavaThread "Unconstrained build operations Thread 20" [_thread_blocked, id=16792, stack(0x000000a9f9e00000,0x000000a9f9f00000)]
  0x00000295b680f5d0 JavaThread "Unconstrained build operations Thread 21" [_thread_blocked, id=12300, stack(0x000000a9f9f00000,0x000000a9fa000000)]
  0x00000295b6810500 JavaThread "Unconstrained build operations Thread 22" [_thread_blocked, id=29368, stack(0x000000a9fa000000,0x000000a9fa100000)]
  0x00000295b6811e50 JavaThread "Unconstrained build operations Thread 23" [_thread_blocked, id=30820, stack(0x000000a9fa100000,0x000000a9fa200000)]
  0x00000295b680e6a0 JavaThread "Unconstrained build operations Thread 24" [_thread_blocked, id=2152, stack(0x000000a9fa200000,0x000000a9fa300000)]
  0x00000295b68137a0 JavaThread "Unconstrained build operations Thread 25" [_thread_blocked, id=7024, stack(0x000000a9fa300000,0x000000a9fa400000)]
  0x00000295b6810a10 JavaThread "Unconstrained build operations Thread 26" [_thread_blocked, id=19424, stack(0x000000a9fa400000,0x000000a9fa500000)]
  0x00000295b6811430 JavaThread "Unconstrained build operations Thread 27" [_thread_blocked, id=19240, stack(0x000000a9fa500000,0x000000a9fa600000)]
  0x00000295b6810f20 JavaThread "Unconstrained build operations Thread 28" [_thread_blocked, id=32048, stack(0x000000a9fa600000,0x000000a9fa700000)]
  0x00000295b6812360 JavaThread "Unconstrained build operations Thread 29" [_thread_blocked, id=36192, stack(0x000000a9fa700000,0x000000a9fa800000)]
  0x00000295b6812d80 JavaThread "Unconstrained build operations Thread 30" [_thread_blocked, id=16368, stack(0x000000a9fa800000,0x000000a9fa900000)]
  0x00000295b6813290 JavaThread "Unconstrained build operations Thread 31" [_thread_blocked, id=13328, stack(0x000000a9fa900000,0x000000a9faa00000)]
  0x00000295b6813cb0 JavaThread "Unconstrained build operations Thread 32" [_thread_blocked, id=18200, stack(0x000000a9faa00000,0x000000a9fab00000)]
  0x00000295b6816020 JavaThread "Unconstrained build operations Thread 33" [_thread_blocked, id=37312, stack(0x000000a9fab00000,0x000000a9fac00000)]
  0x00000295b68141c0 JavaThread "Unconstrained build operations Thread 34" [_thread_blocked, id=17664, stack(0x000000a9fac00000,0x000000a9fad00000)]
  0x00000295b68146d0 JavaThread "Unconstrained build operations Thread 35" [_thread_blocked, id=33456, stack(0x000000a9fad00000,0x000000a9fae00000)]
  0x00000295b6815600 JavaThread "Unconstrained build operations Thread 36" [_thread_blocked, id=17912, stack(0x000000a9fae00000,0x000000a9faf00000)]
  0x00000295b6814be0 JavaThread "Unconstrained build operations Thread 37" [_thread_blocked, id=11996, stack(0x000000a9faf00000,0x000000a9fb000000)]
  0x00000295b6815b10 JavaThread "Unconstrained build operations Thread 38" [_thread_blocked, id=2572, stack(0x000000a9fb000000,0x000000a9fb100000)]
  0x00000295b68150f0 JavaThread "Unconstrained build operations Thread 39" [_thread_blocked, id=18996, stack(0x000000a9fb100000,0x000000a9fb200000)]
  0x00000295b668ddf0 JavaThread "Unconstrained build operations Thread 40" [_thread_blocked, id=17872, stack(0x000000a9fb200000,0x000000a9fb300000)]
  0x00000295b668d3d0 JavaThread "Unconstrained build operations Thread 41" [_thread_blocked, id=17444, stack(0x000000a9fb300000,0x000000a9fb400000)]
  0x00000295b668e300 JavaThread "Unconstrained build operations Thread 42" [_thread_blocked, id=37124, stack(0x000000a9fb400000,0x000000a9fb500000)]
  0x00000295b668d8e0 JavaThread "Unconstrained build operations Thread 43" [_thread_blocked, id=28260, stack(0x000000a9fb500000,0x000000a9fb600000)]
  0x00000295b668e810 JavaThread "Unconstrained build operations Thread 44" [_thread_blocked, id=30368, stack(0x000000a9fb600000,0x000000a9fb700000)]
  0x00000295b668ba80 JavaThread "Unconstrained build operations Thread 45" [_thread_blocked, id=1032, stack(0x000000a9fb700000,0x000000a9fb800000)]
  0x00000295b668b060 JavaThread "Unconstrained build operations Thread 46" [_thread_blocked, id=27940, stack(0x000000a9fb800000,0x000000a9fb900000)]
  0x00000295b668cec0 JavaThread "Unconstrained build operations Thread 47" [_thread_blocked, id=37200, stack(0x000000a9fb900000,0x000000a9fba00000)]
  0x00000295b668ed20 JavaThread "Unconstrained build operations Thread 48" [_thread_blocked, id=21336, stack(0x000000a9fba00000,0x000000a9fbb00000)]
  0x00000295b668b570 JavaThread "Unconstrained build operations Thread 49" [_thread_blocked, id=18528, stack(0x000000a9fbb00000,0x000000a9fbc00000)]
  0x00000295b668f230 JavaThread "Unconstrained build operations Thread 50" [_thread_blocked, id=33984, stack(0x000000a9fbc00000,0x000000a9fbd00000)]
  0x00000295b668f740 JavaThread "Unconstrained build operations Thread 51" [_thread_blocked, id=8416, stack(0x000000a9fbd00000,0x000000a9fbe00000)]
  0x00000295b668bf90 JavaThread "Unconstrained build operations Thread 52" [_thread_blocked, id=31308, stack(0x000000a9fbe00000,0x000000a9fbf00000)]
  0x00000295b668fc50 JavaThread "Unconstrained build operations Thread 53" [_thread_blocked, id=23336, stack(0x000000a9fbf00000,0x000000a9fc000000)]
  0x00000295b668c4a0 JavaThread "Unconstrained build operations Thread 54" [_thread_blocked, id=36072, stack(0x000000a9fc000000,0x000000a9fc100000)]

Other Threads:
=>0x00000295ad8fcc00 VMThread "VM Thread" [stack: 0x000000a9f4d00000,0x000000a9f4e00000] [id=18792]
  0x00000295adb96fd0 WatcherThread [stack: 0x000000a9f5c00000,0x000000a9f5d00000] [id=4212]
  0x000002959019b5e0 GCTaskThread "GC Thread#0" [stack: 0x000000a9f4800000,0x000000a9f4900000] [id=37652]
  0x00000295b308ae10 GCTaskThread "GC Thread#1" [stack: 0x000000a9f5f00000,0x000000a9f6000000] [id=20716]
  0x00000295b31f2ca0 GCTaskThread "GC Thread#2" [stack: 0x000000a9f6000000,0x000000a9f6100000] [id=1780]
  0x00000295b311a260 GCTaskThread "GC Thread#3" [stack: 0x000000a9f6100000,0x000000a9f6200000] [id=27228]
  0x00000295b2ea76a0 GCTaskThread "GC Thread#4" [stack: 0x000000a9f6200000,0x000000a9f6300000] [id=37064]
  0x00000295b2f72070 GCTaskThread "GC Thread#5" [stack: 0x000000a9f6300000,0x000000a9f6400000] [id=37644]
  0x00000295b2f71830 GCTaskThread "GC Thread#6" [stack: 0x000000a9f6e00000,0x000000a9f6f00000] [id=37252]
  0x00000295b2f71af0 GCTaskThread "GC Thread#7" [stack: 0x000000a9f6f00000,0x000000a9f7000000] [id=16264]
  0x00000295b2f72330 GCTaskThread "GC Thread#8" [stack: 0x000000a9f7000000,0x000000a9f7100000] [id=33152]
  0x00000295b2f72b70 GCTaskThread "GC Thread#9" [stack: 0x000000a9f7100000,0x000000a9f7200000] [id=24668]
  0x00000295b2f71db0 GCTaskThread "GC Thread#10" [stack: 0x000000a9f7200000,0x000000a9f7300000] [id=26588]
  0x00000295b2f725f0 GCTaskThread "GC Thread#11" [stack: 0x000000a9f7300000,0x000000a9f7400000] [id=8000]
  0x00000295b2f728b0 GCTaskThread "GC Thread#12" [stack: 0x000000a9f7400000,0x000000a9f7500000] [id=37248]
  0x00000295b40cb5d0 GCTaskThread "GC Thread#13" [stack: 0x000000a9f7500000,0x000000a9f7600000] [id=12016]
  0x00000295b40ce1d0 GCTaskThread "GC Thread#14" [stack: 0x000000a9f7600000,0x000000a9f7700000] [id=23500]
  0x00000295b40cd410 GCTaskThread "GC Thread#15" [stack: 0x000000a9f7700000,0x000000a9f7800000] [id=34296]
  0x00000295b40cd6d0 GCTaskThread "GC Thread#16" [stack: 0x000000a9f7800000,0x000000a9f7900000] [id=36140]
  0x00000295b40cad90 GCTaskThread "GC Thread#17" [stack: 0x000000a9f7900000,0x000000a9f7a00000] [id=14260]
  0x00000295b40ce490 GCTaskThread "GC Thread#18" [stack: 0x000000a9f7a00000,0x000000a9f7b00000] [id=35672]
  0x00000295b40cd150 GCTaskThread "GC Thread#19" [stack: 0x000000a9f7b00000,0x000000a9f7c00000] [id=14296]
  0x00000295901ac4f0 ConcurrentGCThread "G1 Main Marker" [stack: 0x000000a9f4900000,0x000000a9f4a00000] [id=23440]
  0x00000295901ace20 ConcurrentGCThread "G1 Conc#0" [stack: 0x000000a9f4a00000,0x000000a9f4b00000] [id=36732]
  0x00000295b4316a40 ConcurrentGCThread "G1 Conc#1" [stack: 0x000000a9f7c00000,0x000000a9f7d00000] [id=18368]
  0x00000295b4316d00 ConcurrentGCThread "G1 Conc#2" [stack: 0x000000a9f7d00000,0x000000a9f7e00000] [id=16408]
  0x00000295b4317540 ConcurrentGCThread "G1 Conc#3" [stack: 0x000000a9f7e00000,0x000000a9f7f00000] [id=26228]
  0x00000295b4316fc0 ConcurrentGCThread "G1 Conc#4" [stack: 0x000000a9f7f00000,0x000000a9f8000000] [id=37236]
  0x00000295ad0d1e80 ConcurrentGCThread "G1 Refine#0" [stack: 0x000000a9f4b00000,0x000000a9f4c00000] [id=37004]
  0x00000295ad0d2660 ConcurrentGCThread "G1 Service" [stack: 0x000000a9f4c00000,0x000000a9f4d00000] [id=13172]

Threads with active compile tasks:
C2 CompilerThread1     6571 7909       4       org.objectweb.asm.SymbolTable::addConstantUtf8 (98 bytes)

VM state: at safepoint (normal execution)

VM Mutex/Monitor currently owned by a thread:  ([mutex/lock_event])
[0x0000029590127780] Threads_lock - owner thread: 0x00000295ad8fcc00
[0x0000029590137d50] Heap_lock - owner thread: 0x00000295b3940350

Heap address: 0x0000000080000000, size: 2048 MB, Compressed Oops mode: 32-bit

CDS archive(s) not mapped
Compressed class space mapped at: 0x0000000100000000-0x0000000140000000, reserved size: 1073741824
Narrow klass base: 0x0000000000000000, Narrow klass shift: 3, Narrow klass range: 0x140000000

GC Precious Log:
 CPUs: 28 total, 28 available
 Memory: 16091M
 Large Page Support: Disabled
 NUMA Support: Disabled
 Compressed Oops: Enabled (32-bit)
 Heap Region Size: 1M
 Heap Min Capacity: 8M
 Heap Initial Capacity: 252M
 Heap Max Capacity: 2G
 Pre-touch: Disabled
 Parallel Workers: 20
 Concurrent Workers: 5
 Concurrent Refinement Workers: 20
 Periodic GC: Disabled

Heap:
 garbage-first heap   total 116736K, used 67944K [0x0000000080000000, 0x0000000100000000)
  region size 1024K, 1 young (1024K), 1 survivors (1024K)
 Metaspace       used 60178K, committed 60736K, reserved 1114112K
  class space    used 8161K, committed 8448K, reserved 1048576K

Heap Regions: E=young(eden), S=young(survivor), O=old, HS=humongous(starts), HC=humongous(continues), CS=collection set, F=free, OA=open archive, CA=closed archive, TAMS=top-at-mark-start (previous, next)
|   0|0x0000000080000000, 0x0000000080100000, 0x0000000080100000|100%|HS|  |TAMS 0x0000000080100000, 0x0000000080000000| Complete 
|   1|0x0000000080100000, 0x0000000080200000, 0x0000000080200000|100%|HC|  |TAMS 0x0000000080200000, 0x0000000080100000| Complete 
|   2|0x0000000080200000, 0x0000000080300000, 0x0000000080300000|100%|HC|  |TAMS 0x0000000080300000, 0x0000000080200000| Complete 
|   3|0x0000000080300000, 0x0000000080400000, 0x0000000080400000|100%|HC|  |TAMS 0x0000000080400000, 0x0000000080300000| Complete 
|   4|0x0000000080400000, 0x0000000080500000, 0x0000000080500000|100%| O|  |TAMS 0x0000000080500000, 0x0000000080400000| Untracked 
|   5|0x0000000080500000, 0x0000000080600000, 0x0000000080600000|100%| O|  |TAMS 0x0000000080600000, 0x0000000080500000| Untracked 
|   6|0x0000000080600000, 0x0000000080700000, 0x0000000080700000|100%| O|  |TAMS 0x0000000080700000, 0x0000000080600000| Untracked 
|   7|0x0000000080700000, 0x0000000080800000, 0x0000000080800000|100%| O|  |TAMS 0x0000000080800000, 0x0000000080700000| Untracked 
|   8|0x0000000080800000, 0x0000000080900000, 0x0000000080900000|100%| O|  |TAMS 0x0000000080900000, 0x0000000080800000| Untracked 
|   9|0x0000000080900000, 0x0000000080a00000, 0x0000000080a00000|100%| O|  |TAMS 0x0000000080a00000, 0x0000000080900000| Untracked 
|  10|0x0000000080a00000, 0x0000000080a94800, 0x0000000080b00000| 58%| O|  |TAMS 0x0000000080a94800, 0x0000000080a00000| Complete 
|  11|0x0000000080b00000, 0x0000000080c00000, 0x0000000080c00000|100%| O|  |TAMS 0x0000000080c00000, 0x0000000080b00000| Untracked 
|  12|0x0000000080c00000, 0x0000000080d00000, 0x0000000080d00000|100%| O|  |TAMS 0x0000000080d00000, 0x0000000080c00000| Untracked 
|  13|0x0000000080d00000, 0x0000000080e00000, 0x0000000080e00000|100%| O|  |TAMS 0x0000000080e00000, 0x0000000080d00000| Untracked 
|  14|0x0000000080e00000, 0x0000000080f00000, 0x0000000080f00000|100%| O|  |TAMS 0x0000000080f00000, 0x0000000080e00000| Untracked 
|  15|0x0000000080f00000, 0x0000000081000000, 0x0000000081000000|100%| O|  |TAMS 0x0000000081000000, 0x0000000080f00000| Untracked 
|  16|0x0000000081000000, 0x0000000081100000, 0x0000000081100000|100%| O|  |TAMS 0x0000000081100000, 0x0000000081000000| Untracked 
|  17|0x0000000081100000, 0x0000000081200000, 0x0000000081200000|100%| O|  |TAMS 0x0000000081200000, 0x0000000081100000| Untracked 
|  18|0x0000000081200000, 0x0000000081300000, 0x0000000081300000|100%| O|  |TAMS 0x0000000081300000, 0x0000000081200000| Untracked 
|  19|0x0000000081300000, 0x0000000081400000, 0x0000000081400000|100%| O|  |TAMS 0x0000000081400000, 0x0000000081300000| Untracked 
|  20|0x0000000081400000, 0x0000000081500000, 0x0000000081500000|100%| O|  |TAMS 0x0000000081500000, 0x0000000081400000| Untracked 
|  21|0x0000000081500000, 0x0000000081600000, 0x0000000081600000|100%| O|  |TAMS 0x0000000081600000, 0x0000000081500000| Untracked 
|  22|0x0000000081600000, 0x0000000081700000, 0x0000000081700000|100%| O|  |TAMS 0x0000000081700000, 0x0000000081600000| Untracked 
|  23|0x0000000081700000, 0x0000000081800000, 0x0000000081800000|100%|HS|  |TAMS 0x0000000081700000, 0x0000000081700000| Complete 
|  24|0x0000000081800000, 0x0000000081900000, 0x0000000081900000|100%| O|  |TAMS 0x0000000081900000, 0x0000000081800000| Untracked 
|  25|0x0000000081900000, 0x0000000081a00000, 0x0000000081a00000|100%| O|  |TAMS 0x0000000081a00000, 0x0000000081900000| Untracked 
|  26|0x0000000081a00000, 0x0000000081b00000, 0x0000000081b00000|100%| O|  |TAMS 0x0000000081b00000, 0x0000000081a00000| Untracked 
|  27|0x0000000081b00000, 0x0000000081c00000, 0x0000000081c00000|100%| O|  |TAMS 0x0000000081c00000, 0x0000000081b00000| Untracked 
|  28|0x0000000081c00000, 0x0000000081d00000, 0x0000000081d00000|100%| O|  |TAMS 0x0000000081d00000, 0x0000000081c00000| Untracked 
|  29|0x0000000081d00000, 0x0000000081e00000, 0x0000000081e00000|100%| O|  |TAMS 0x0000000081e00000, 0x0000000081d00000| Untracked 
|  30|0x0000000081e00000, 0x0000000081f00000, 0x0000000081f00000|100%| O|  |TAMS 0x0000000081f00000, 0x0000000081e00000| Untracked 
|  31|0x0000000081f00000, 0x0000000082000000, 0x0000000082000000|100%| O|  |TAMS 0x0000000082000000, 0x0000000081f00000| Untracked 
|  32|0x0000000082000000, 0x0000000082100000, 0x0000000082100000|100%| O|  |TAMS 0x0000000082100000, 0x0000000082000000| Untracked 
|  33|0x0000000082100000, 0x0000000082200000, 0x0000000082200000|100%| O|  |TAMS 0x0000000082200000, 0x0000000082100000| Untracked 
|  34|0x0000000082200000, 0x0000000082300000, 0x0000000082300000|100%| O|  |TAMS 0x0000000082300000, 0x0000000082200000| Untracked 
|  35|0x0000000082300000, 0x0000000082400000, 0x0000000082400000|100%| O|  |TAMS 0x0000000082400000, 0x0000000082300000| Untracked 
|  36|0x0000000082400000, 0x0000000082500000, 0x0000000082500000|100%| O|  |TAMS 0x0000000082500000, 0x0000000082400000| Untracked 
|  37|0x0000000082500000, 0x0000000082600000, 0x0000000082600000|100%| O|  |TAMS 0x0000000082600000, 0x0000000082500000| Untracked 
|  38|0x0000000082600000, 0x0000000082700000, 0x0000000082700000|100%| O|  |TAMS 0x0000000082700000, 0x0000000082600000| Untracked 
|  39|0x0000000082700000, 0x0000000082800000, 0x0000000082800000|100%| O|  |TAMS 0x0000000082800000, 0x0000000082700000| Untracked 
|  40|0x0000000082800000, 0x0000000082900000, 0x0000000082900000|100%| O|  |TAMS 0x0000000082900000, 0x0000000082800000| Untracked 
|  41|0x0000000082900000, 0x0000000082a00000, 0x0000000082a00000|100%| O|  |TAMS 0x0000000082a00000, 0x0000000082900000| Untracked 
|  42|0x0000000082a00000, 0x0000000082b00000, 0x0000000082b00000|100%| O|  |TAMS 0x0000000082b00000, 0x0000000082a00000| Untracked 
|  43|0x0000000082b00000, 0x0000000082c00000, 0x0000000082c00000|100%| O|  |TAMS 0x0000000082c00000, 0x0000000082b00000| Untracked 
|  44|0x0000000082c00000, 0x0000000082d00000, 0x0000000082d00000|100%| O|  |TAMS 0x0000000082d00000, 0x0000000082c00000| Untracked 
|  45|0x0000000082d00000, 0x0000000082e00000, 0x0000000082e00000|100%| O|  |TAMS 0x0000000082e00000, 0x0000000082d00000| Untracked 
|  46|0x0000000082e00000, 0x0000000082f00000, 0x0000000082f00000|100%|HS|  |TAMS 0x0000000082f00000, 0x0000000082e00000| Complete 
|  47|0x0000000082f00000, 0x0000000083000000, 0x0000000083000000|100%|HS|  |TAMS 0x0000000083000000, 0x0000000082f00000| Complete 
|  48|0x0000000083000000, 0x0000000083100000, 0x0000000083100000|100%|HS|  |TAMS 0x0000000083100000, 0x0000000083000000| Complete 
|  49|0x0000000083100000, 0x0000000083200000, 0x0000000083200000|100%|HC|  |TAMS 0x0000000083200000, 0x0000000083100000| Complete 
|  50|0x0000000083200000, 0x0000000083300000, 0x0000000083300000|100%|HS|  |TAMS 0x0000000083300000, 0x0000000083200000| Complete 
|  51|0x0000000083300000, 0x0000000083400000, 0x0000000083400000|100%|HS|  |TAMS 0x0000000083400000, 0x0000000083300000| Complete 
|  52|0x0000000083400000, 0x0000000083500000, 0x0000000083500000|100%|HC|  |TAMS 0x0000000083500000, 0x0000000083400000| Complete 
|  53|0x0000000083500000, 0x0000000083600000, 0x0000000083600000|100%|HC|  |TAMS 0x0000000083600000, 0x0000000083500000| Complete 
|  54|0x0000000083600000, 0x0000000083700000, 0x0000000083700000|100%|HC|  |TAMS 0x0000000083700000, 0x0000000083600000| Complete 
|  55|0x0000000083700000, 0x0000000083800000, 0x0000000083800000|100%|HS|  |TAMS 0x0000000083800000, 0x0000000083700000| Complete 
|  56|0x0000000083800000, 0x0000000083900000, 0x0000000083900000|100%| O|  |TAMS 0x0000000083900000, 0x0000000083800000| Untracked 
|  57|0x0000000083900000, 0x0000000083a00000, 0x0000000083a00000|100%|HS|  |TAMS 0x0000000083a00000, 0x0000000083900000| Complete 
|  58|0x0000000083a00000, 0x0000000083b00000, 0x0000000083b00000|100%|HC|  |TAMS 0x0000000083b00000, 0x0000000083a00000| Complete 
|  59|0x0000000083b00000, 0x0000000083c00000, 0x0000000083c00000|100%|HS|  |TAMS 0x0000000083c00000, 0x0000000083b00000| Complete 
|  60|0x0000000083c00000, 0x0000000083d00000, 0x0000000083d00000|100%| O|  |TAMS 0x0000000083d00000, 0x0000000083c00000| Untracked 
|  61|0x0000000083d00000, 0x0000000083e00000, 0x0000000083e00000|100%| O|  |TAMS 0x0000000083e00000, 0x0000000083d00000| Untracked 
|  62|0x0000000083e00000, 0x0000000083e00000, 0x0000000083f00000|  0%| F|  |TAMS 0x0000000083e00000, 0x0000000083e00000| Untracked 
|  63|0x0000000083f00000, 0x0000000083f00000, 0x0000000084000000|  0%| F|  |TAMS 0x0000000083f00000, 0x0000000083f00000| Untracked 
|  64|0x0000000084000000, 0x0000000084000000, 0x0000000084100000|  0%| F|  |TAMS 0x0000000084000000, 0x0000000084000000| Untracked 
|  65|0x0000000084100000, 0x0000000084100000, 0x0000000084200000|  0%| F|  |TAMS 0x0000000084100000, 0x0000000084100000| Untracked 
|  66|0x0000000084200000, 0x0000000084300000, 0x0000000084300000|100%| O|  |TAMS 0x0000000084300000, 0x0000000084200000| Untracked 
|  67|0x0000000084300000, 0x0000000084400000, 0x0000000084400000|100%| O|  |TAMS 0x0000000084400000, 0x0000000084300000| Untracked 
|  68|0x0000000084400000, 0x00000000844d0600, 0x0000000084500000| 81%| O|  |TAMS 0x00000000844d0600, 0x0000000084400000| Untracked 
|  69|0x0000000084500000, 0x0000000084500000, 0x0000000084600000|  0%| F|  |TAMS 0x0000000084500000, 0x0000000084500000| Untracked 
|  70|0x0000000084600000, 0x0000000084600000, 0x0000000084700000|  0%| F|  |TAMS 0x0000000084600000, 0x0000000084600000| Untracked 
|  71|0x0000000084700000, 0x0000000084700000, 0x0000000084800000|  0%| F|  |TAMS 0x0000000084700000, 0x0000000084700000| Untracked 
|  72|0x0000000084800000, 0x0000000084800000, 0x0000000084900000|  0%| F|  |TAMS 0x0000000084800000, 0x0000000084800000| Untracked 
|  73|0x0000000084900000, 0x0000000084900000, 0x0000000084a00000|  0%| F|  |TAMS 0x0000000084900000, 0x0000000084900000| Untracked 
|  74|0x0000000084a00000, 0x0000000084a00000, 0x0000000084b00000|  0%| F|  |TAMS 0x0000000084a00000, 0x0000000084a00000| Untracked 
|  75|0x0000000084b00000, 0x0000000084b00000, 0x0000000084c00000|  0%| F|  |TAMS 0x0000000084b00000, 0x0000000084b00000| Untracked 
|  76|0x0000000084c00000, 0x0000000084c00000, 0x0000000084d00000|  0%| F|  |TAMS 0x0000000084c00000, 0x0000000084c00000| Untracked 
|  77|0x0000000084d00000, 0x0000000084d00000, 0x0000000084e00000|  0%| F|  |TAMS 0x0000000084d00000, 0x0000000084d00000| Untracked 
|  78|0x0000000084e00000, 0x0000000084e00000, 0x0000000084f00000|  0%| F|  |TAMS 0x0000000084e00000, 0x0000000084e00000| Untracked 
|  79|0x0000000084f00000, 0x0000000084f00000, 0x0000000085000000|  0%| F|  |TAMS 0x0000000084f00000, 0x0000000084f00000| Untracked 
|  80|0x0000000085000000, 0x0000000085000000, 0x0000000085100000|  0%| F|  |TAMS 0x0000000085000000, 0x0000000085000000| Untracked 
|  81|0x0000000085100000, 0x0000000085100000, 0x0000000085200000|  0%| F|  |TAMS 0x0000000085100000, 0x0000000085100000| Untracked 
|  82|0x0000000085200000, 0x0000000085200000, 0x0000000085300000|  0%| F|  |TAMS 0x0000000085200000, 0x0000000085200000| Untracked 
|  83|0x0000000085300000, 0x0000000085300000, 0x0000000085400000|  0%| F|  |TAMS 0x0000000085300000, 0x0000000085300000| Untracked 
|  84|0x0000000085400000, 0x0000000085400000, 0x0000000085500000|  0%| F|  |TAMS 0x0000000085400000, 0x0000000085400000| Untracked 
|  85|0x0000000085500000, 0x0000000085500000, 0x0000000085600000|  0%| F|  |TAMS 0x0000000085500000, 0x0000000085500000| Untracked 
|  86|0x0000000085600000, 0x0000000085600000, 0x0000000085700000|  0%| F|  |TAMS 0x0000000085600000, 0x0000000085600000| Untracked 
|  87|0x0000000085700000, 0x0000000085700000, 0x0000000085800000|  0%| F|  |TAMS 0x0000000085700000, 0x0000000085700000| Untracked 
|  88|0x0000000085800000, 0x0000000085800000, 0x0000000085900000|  0%| F|  |TAMS 0x0000000085800000, 0x0000000085800000| Untracked 
|  89|0x0000000085900000, 0x0000000085900000, 0x0000000085a00000|  0%| F|  |TAMS 0x0000000085900000, 0x0000000085900000| Untracked 
|  90|0x0000000085a00000, 0x0000000085a00000, 0x0000000085b00000|  0%| F|  |TAMS 0x0000000085a00000, 0x0000000085a00000| Untracked 
|  91|0x0000000085b00000, 0x0000000085b00000, 0x0000000085c00000|  0%| F|  |TAMS 0x0000000085b00000, 0x0000000085b00000| Untracked 
|  92|0x0000000085c00000, 0x0000000085c00000, 0x0000000085d00000|  0%| F|  |TAMS 0x0000000085c00000, 0x0000000085c00000| Untracked 
|  93|0x0000000085d00000, 0x0000000085d00000, 0x0000000085e00000|  0%| F|  |TAMS 0x0000000085d00000, 0x0000000085d00000| Untracked 
|  94|0x0000000085e00000, 0x0000000085e00000, 0x0000000085f00000|  0%| F|  |TAMS 0x0000000085e00000, 0x0000000085e00000| Untracked 
|  95|0x0000000085f00000, 0x0000000085f00000, 0x0000000086000000|  0%| F|  |TAMS 0x0000000085f00000, 0x0000000085f00000| Untracked 
|  96|0x0000000086000000, 0x0000000086000000, 0x0000000086100000|  0%| F|  |TAMS 0x0000000086000000, 0x0000000086000000| Untracked 
|  97|0x0000000086100000, 0x0000000086100000, 0x0000000086200000|  0%| F|  |TAMS 0x0000000086100000, 0x0000000086100000| Untracked 
|  98|0x0000000086200000, 0x0000000086200000, 0x0000000086300000|  0%| F|  |TAMS 0x0000000086200000, 0x0000000086200000| Untracked 
|  99|0x0000000086300000, 0x00000000863f5328, 0x0000000086400000| 95%| S|CS|TAMS 0x0000000086300000, 0x0000000086300000| Complete 
| 100|0x0000000086400000, 0x0000000086400000, 0x0000000086500000|  0%| F|  |TAMS 0x0000000086400000, 0x0000000086400000| Untracked 
| 101|0x0000000086500000, 0x0000000086500000, 0x0000000086600000|  0%| F|  |TAMS 0x0000000086500000, 0x0000000086500000| Untracked 
| 102|0x0000000086600000, 0x0000000086600000, 0x0000000086700000|  0%| F|  |TAMS 0x0000000086600000, 0x0000000086600000| Untracked 
| 190|0x000000008be00000, 0x000000008be00000, 0x000000008bf00000|  0%| F|  |TAMS 0x000000008be00000, 0x000000008be00000| Untracked 
| 191|0x000000008bf00000, 0x000000008bf00000, 0x000000008c000000|  0%| F|  |TAMS 0x000000008bf00000, 0x000000008bf00000| Untracked 
| 192|0x000000008c000000, 0x000000008c000000, 0x000000008c100000|  0%| F|  |TAMS 0x000000008c000000, 0x000000008c000000| Untracked 
| 193|0x000000008c100000, 0x000000008c100000, 0x000000008c200000|  0%| F|  |TAMS 0x000000008c100000, 0x000000008c100000| Untracked 
| 194|0x000000008c200000, 0x000000008c200000, 0x000000008c300000|  0%| F|  |TAMS 0x000000008c200000, 0x000000008c200000| Untracked 
| 195|0x000000008c300000, 0x000000008c300000, 0x000000008c400000|  0%| F|  |TAMS 0x000000008c300000, 0x000000008c300000| Untracked 
| 196|0x000000008c400000, 0x000000008c400000, 0x000000008c500000|  0%| F|  |TAMS 0x000000008c400000, 0x000000008c400000| Untracked 
| 197|0x000000008c500000, 0x000000008c500000, 0x000000008c600000|  0%| F|  |TAMS 0x000000008c500000, 0x000000008c500000| Untracked 
| 198|0x000000008c600000, 0x000000008c600000, 0x000000008c700000|  0%| F|  |TAMS 0x000000008c600000, 0x000000008c600000| Untracked 
| 251|0x000000008fb00000, 0x000000008fb00000, 0x000000008fc00000|  0%| F|  |TAMS 0x000000008fb00000, 0x000000008fb00000| Untracked 
|2047|0x00000000fff00000, 0x0000000100000000, 0x0000000100000000|100%| O|  |TAMS 0x0000000100000000, 0x00000000fff00000| Untracked 

Card table byte_map: [0x00000295a5790000,0x00000295a5b90000] _byte_map_base: 0x00000295a5390000

Marking Bits (Prev, Next): (CMBitMap*) 0x000002959019bb10, (CMBitMap*) 0x000002959019bb50
 Prev Bits: [0x00000295a5f90000, 0x00000295a7f90000)
 Next Bits: [0x00000295a7f90000, 0x00000295a9f90000)

Polling page: 0x000002958fd90000

Metaspace:

Usage:
  Non-class:     50.80 MB used.
      Class:      7.97 MB used.
       Both:     58.77 MB used.

Virtual space:
  Non-class space:       64.00 MB reserved,      51.06 MB ( 80%) committed,  1 nodes.
      Class space:        1.00 GB reserved,       8.25 MB ( <1%) committed,  1 nodes.
             Both:        1.06 GB reserved,      59.31 MB (  5%) committed. 

Chunk freelists:
   Non-Class:  12.14 MB
       Class:  7.79 MB
        Both:  19.93 MB

MaxMetaspaceSize: unlimited
CompressedClassSpaceSize: 1.00 GB
Initial GC threshold: 21.00 MB
Current GC threshold: 97.31 MB
CDS: off
MetaspaceReclaimPolicy: balanced
 - commit_granule_bytes: 65536.
 - commit_granule_words: 8192.
 - virtual_space_node_default_size: 8388608.
 - enlarge_chunks_in_place: 1.
 - new_chunks_are_fully_committed: 0.
 - uncommit_free_chunks: 1.
 - use_allocation_guard: 0.
 - handle_deallocations: 1.


Internal statistics:

num_allocs_failed_limit: 6.
num_arena_births: 706.
num_arena_deaths: 0.
num_vsnodes_births: 2.
num_vsnodes_deaths: 0.
num_space_committed: 949.
num_space_uncommitted: 0.
num_chunks_returned_to_freelist: 6.
num_chunks_taken_from_freelist: 2774.
num_chunk_merges: 3.
num_chunk_splits: 1824.
num_chunks_enlarged: 1201.
num_inconsistent_stats: 0.

CodeHeap 'non-profiled nmethods': size=119168Kb used=3526Kb max_used=3526Kb free=115641Kb
 bounds [0x000002959c7e0000, 0x000002959cb60000, 0x00000295a3c40000]
CodeHeap 'profiled nmethods': size=119104Kb used=13688Kb max_used=13688Kb free=105415Kb
 bounds [0x0000029594c40000, 0x00000295959a0000, 0x000002959c090000]
CodeHeap 'non-nmethods': size=7488Kb used=3321Kb max_used=3374Kb free=4166Kb
 bounds [0x000002959c090000, 0x000002959c3f0000, 0x000002959c7e0000]
 total_blobs=7907 nmethods=7197 adapters=619
 compilation: enabled
              stopped_count=0, restarted_count=0
 full_count=0

Compilation events (20 events):
Event: 4.500 Thread 0x00000295ada5c720 nmethod 7900 0x0000029595995790 code [0x0000029595995940, 0x0000029595995b88]
Event: 4.502 Thread 0x00000295b205b030 nmethod 7886 0x000002959cb49010 code [0x000002959cb492a0, 0x000002959cb4a8c0]
Event: 4.502 Thread 0x00000295b205b030 7893       4       java.lang.invoke.InvokerBytecodeGenerator::emitLoadInsn (21 bytes)
Event: 4.503 Thread 0x00000295b205b030 nmethod 7893 0x000002959cb4ba10 code [0x000002959cb4bba0, 0x000002959cb4bd28]
Event: 4.503 Thread 0x00000295ad1b5530 7902       3       org.gradle.model.internal.asm.ClassVisitorScope::addGetter (11 bytes)
Event: 4.504 Thread 0x00000295adade920 7903       3       org.objectweb.asm.Frame::addInitializedType (77 bytes)
Event: 4.504 Thread 0x00000295ad1b5530 nmethod 7902 0x0000029595995c90 code [0x0000029595995e40, 0x0000029595996008]
Event: 4.504 Thread 0x00000295adade920 nmethod 7903 0x0000029595996110 code [0x00000295959962e0, 0x0000029595996808]
Event: 4.504 Thread 0x00000295ad1b5530 7904       3       java.lang.Class::getEnclosingClass (70 bytes)
Event: 4.504 Thread 0x00000295ad1b5530 nmethod 7904 0x0000029595996990 code [0x0000029595996bc0, 0x00000295959972d8]
Event: 4.507 Thread 0x00000295b205b030 7905       4       jdk.internal.loader.BuiltinClassLoader::loadClass (22 bytes)
Event: 4.508 Thread 0x00000295b205b030 nmethod 7905 0x000002959cb4bf10 code [0x000002959cb4c0c0, 0x000002959cb4c218]
Event: 4.510 Thread 0x00000295b205b030 7906       4       java.lang.Throwable::<init> (39 bytes)
Event: 4.512 Thread 0x00000295ad943760 nmethod 7891 0x000002959cb4c390 code [0x000002959cb4c6a0, 0x000002959cb4e1e8]
Event: 4.512 Thread 0x00000295ad943760 7907       4       org.objectweb.asm.Frame::accept (264 bytes)
Event: 4.512 Thread 0x00000295b205b030 nmethod 7906 0x000002959cb4f910 code [0x000002959cb4fac0, 0x000002959cb502a8]
Event: 4.514 Thread 0x00000295ad1b5530 7908 %     3       org.gradle.internal.instantiation.generator.AbstractClassGenerator::inspectType @ 517 (560 bytes)
Event: 4.514 Thread 0x00000295b205b030 7909       4       org.objectweb.asm.SymbolTable::addConstantUtf8 (98 bytes)
Event: 4.515 Thread 0x00000295ad1b5530 nmethod 7908% 0x0000029595997590 code [0x0000029595997d40, 0x000002959599cae8]
Event: 4.519 Thread 0x00000295ad943760 nmethod 7907 0x000002959cb50410 code [0x000002959cb505e0, 0x000002959cb51328]

GC Heap History (20 events):
Event: 2.512 GC heap after
{Heap after GC invocations=11 (full 0):
 garbage-first heap   total 94208K, used 30891K [0x0000000080000000, 0x0000000100000000)
  region size 1024K, 3 young (3072K), 3 survivors (3072K)
 Metaspace       used 42637K, committed 43136K, reserved 1114112K
  class space    used 5653K, committed 5888K, reserved 1048576K
}
Event: 2.862 GC heap before
{Heap before GC invocations=11 (full 0):
 garbage-first heap   total 94208K, used 70827K [0x0000000080000000, 0x0000000100000000)
  region size 1024K, 42 young (43008K), 3 survivors (3072K)
 Metaspace       used 47131K, committed 47616K, reserved 1114112K
  class space    used 6391K, committed 6592K, reserved 1048576K
}
Event: 2.864 GC heap after
{Heap after GC invocations=12 (full 0):
 garbage-first heap   total 94208K, used 33739K [0x0000000080000000, 0x0000000100000000)
  region size 1024K, 5 young (5120K), 5 survivors (5120K)
 Metaspace       used 47131K, committed 47616K, reserved 1114112K
  class space    used 6391K, committed 6592K, reserved 1048576K
}
Event: 3.233 GC heap before
{Heap before GC invocations=12 (full 0):
 garbage-first heap   total 94208K, used 72651K [0x0000000080000000, 0x0000000100000000)
  region size 1024K, 43 young (44032K), 5 survivors (5120K)
 Metaspace       used 52002K, committed 52416K, reserved 1114112K
  class space    used 7172K, committed 7360K, reserved 1048576K
}
Event: 3.235 GC heap after
{Heap after GC invocations=13 (full 0):
 garbage-first heap   total 94208K, used 36399K [0x0000000080000000, 0x0000000100000000)
  region size 1024K, 6 young (6144K), 6 survivors (6144K)
 Metaspace       used 52002K, committed 52416K, reserved 1114112K
  class space    used 7172K, committed 7360K, reserved 1048576K
}
Event: 3.588 GC heap before
{Heap before GC invocations=13 (full 0):
 garbage-first heap   total 94208K, used 73263K [0x0000000080000000, 0x0000000100000000)
  region size 1024K, 41 young (41984K), 6 survivors (6144K)
 Metaspace       used 56122K, committed 56640K, reserved 1114112K
  class space    used 7653K, committed 7936K, reserved 1048576K
}
Event: 3.590 GC heap after
{Heap after GC invocations=14 (full 0):
 garbage-first heap   total 94208K, used 40007K [0x0000000080000000, 0x0000000100000000)
  region size 1024K, 6 young (6144K), 6 survivors (6144K)
 Metaspace       used 56122K, committed 56640K, reserved 1114112K
  class space    used 7653K, committed 7936K, reserved 1048576K
}
Event: 3.802 GC heap before
{Heap before GC invocations=14 (full 0):
 garbage-first heap   total 94208K, used 71751K [0x0000000080000000, 0x0000000100000000)
  region size 1024K, 38 young (38912K), 6 survivors (6144K)
 Metaspace       used 57128K, committed 57664K, reserved 1114112K
  class space    used 7763K, committed 8000K, reserved 1048576K
}
Event: 3.804 GC heap after
{Heap after GC invocations=15 (full 0):
 garbage-first heap   total 94208K, used 44314K [0x0000000080000000, 0x0000000100000000)
  region size 1024K, 5 young (5120K), 5 survivors (5120K)
 Metaspace       used 57128K, committed 57664K, reserved 1114112K
  class space    used 7763K, committed 8000K, reserved 1048576K
}
Event: 3.944 GC heap before
{Heap before GC invocations=15 (full 0):
 garbage-first heap   total 94208K, used 71962K [0x0000000080000000, 0x0000000100000000)
  region size 1024K, 33 young (33792K), 5 survivors (5120K)
 Metaspace       used 57554K, committed 58112K, reserved 1114112K
  class space    used 7801K, committed 8064K, reserved 1048576K
}
Event: 3.945 GC heap after
{Heap after GC invocations=16 (full 0):
 garbage-first heap   total 94208K, used 45941K [0x0000000080000000, 0x0000000100000000)
  region size 1024K, 4 young (4096K), 4 survivors (4096K)
 Metaspace       used 57554K, committed 58112K, reserved 1114112K
  class space    used 7801K, committed 8064K, reserved 1048576K
}
Event: 3.960 GC heap before
{Heap before GC invocations=16 (full 0):
 garbage-first heap   total 94208K, used 46965K [0x0000000080000000, 0x0000000100000000)
  region size 1024K, 6 young (6144K), 4 survivors (4096K)
 Metaspace       used 57602K, committed 58112K, reserved 1114112K
  class space    used 7805K, committed 8064K, reserved 1048576K
}
Event: 3.961 GC heap after
{Heap after GC invocations=17 (full 0):
 garbage-first heap   total 94208K, used 46411K [0x0000000080000000, 0x0000000100000000)
  region size 1024K, 1 young (1024K), 1 survivors (1024K)
 Metaspace       used 57602K, committed 58112K, reserved 1114112K
  class space    used 7805K, committed 8064K, reserved 1048576K
}
Event: 4.343 GC heap before
{Heap before GC invocations=18 (full 0):
 garbage-first heap   total 94208K, used 85323K [0x0000000080000000, 0x0000000100000000)
  region size 1024K, 26 young (26624K), 1 survivors (1024K)
 Metaspace       used 58916K, committed 59456K, reserved 1114112K
  class space    used 8022K, committed 8256K, reserved 1048576K
}
Event: 4.346 GC heap after
{Heap after GC invocations=19 (full 0):
 garbage-first heap   total 95232K, used 66525K [0x0000000080000000, 0x0000000100000000)
  region size 1024K, 4 young (4096K), 4 survivors (4096K)
 Metaspace       used 58916K, committed 59456K, reserved 1114112K
  class space    used 8022K, committed 8256K, reserved 1048576K
}
Event: 4.355 GC heap before
{Heap before GC invocations=19 (full 0):
 garbage-first heap   total 95232K, used 67549K [0x0000000080000000, 0x0000000100000000)
  region size 1024K, 5 young (5120K), 4 survivors (4096K)
 Metaspace       used 59010K, committed 59520K, reserved 1114112K
  class space    used 8023K, committed 8256K, reserved 1048576K
}
Event: 4.356 GC heap after
{Heap after GC invocations=20 (full 0):
 garbage-first heap   total 95232K, used 66074K [0x0000000080000000, 0x0000000100000000)
  region size 1024K, 1 young (1024K), 1 survivors (1024K)
 Metaspace       used 59010K, committed 59520K, reserved 1114112K
  class space    used 8023K, committed 8256K, reserved 1048576K
}
Event: 4.400 GC heap before
{Heap before GC invocations=20 (full 0):
 garbage-first heap   total 95232K, used 69146K [0x0000000080000000, 0x0000000100000000)
  region size 1024K, 5 young (5120K), 1 survivors (1024K)
 Metaspace       used 59231K, committed 59776K, reserved 1114112K
  class space    used 8042K, committed 8320K, reserved 1048576K
}
Event: 4.401 GC heap after
{Heap after GC invocations=21 (full 0):
 garbage-first heap   total 95232K, used 66558K [0x0000000080000000, 0x0000000100000000)
  region size 1024K, 1 young (1024K), 1 survivors (1024K)
 Metaspace       used 59231K, committed 59776K, reserved 1114112K
  class space    used 8042K, committed 8320K, reserved 1048576K
}
Event: 4.520 GC heap before
{Heap before GC invocations=22 (full 0):
 garbage-first heap   total 116736K, used 78846K [0x0000000080000000, 0x0000000100000000)
  region size 1024K, 13 young (13312K), 1 survivors (1024K)
 Metaspace       used 60178K, committed 60736K, reserved 1114112K
  class space    used 8161K, committed 8448K, reserved 1048576K
}

Dll operation events (3 events):
Event: 0.006 Loaded shared library D:\JetBrains\Toolbox\Android Studio\jbr\bin\java.dll
Event: 0.073 Loaded shared library D:\JetBrains\Toolbox\Android Studio\jbr\bin\zip.dll
Event: 0.201 Loaded shared library D:\JetBrains\Toolbox\Android Studio\jbr\bin\verify.dll

Deoptimization events (20 events):
Event: 4.371 Thread 0x00000295b3940350 Uncommon trap: trap_request=0xffffffde fr.pc=0x000002959c92d8a0 relative=0x0000000000002780
Event: 4.371 Thread 0x00000295b3940350 Uncommon trap: reason=class_check action=maybe_recompile pc=0x000002959c92d8a0 method=java.util.jar.JarFile.getManifestFromReference()Ljava/util/jar/Manifest; @ 152 c2
Event: 4.371 Thread 0x00000295b3940350 DEOPT PACKING pc=0x000002959c92d8a0 sp=0x000000a9f6af65e0
Event: 4.371 Thread 0x00000295b3940350 DEOPT UNPACKING pc=0x000002959c0e69a3 sp=0x000000a9f6af6550 mode 2
Event: 4.496 Thread 0x00000295b3940350 Uncommon trap: trap_request=0xffffffc6 fr.pc=0x000002959cb00c04 relative=0x00000000000003c4
Event: 4.496 Thread 0x00000295b3940350 Uncommon trap: reason=bimorphic_or_optimized_type_check action=maybe_recompile pc=0x000002959cb00c04 method=com.google.common.cache.LocalCache$Segment.getEntry(Ljava/lang/Object;I)Lcom/google/common/cache/ReferenceEntry; @ 24 c2
Event: 4.496 Thread 0x00000295b3940350 DEOPT PACKING pc=0x000002959cb00c04 sp=0x000000a9f6af6f60
Event: 4.496 Thread 0x00000295b3940350 DEOPT UNPACKING pc=0x000002959c0e69a3 sp=0x000000a9f6af6ef8 mode 2
Event: 4.496 Thread 0x00000295b3940350 Uncommon trap: trap_request=0xffffffc6 fr.pc=0x000002959cb00c04 relative=0x00000000000003c4
Event: 4.496 Thread 0x00000295b3940350 Uncommon trap: reason=bimorphic_or_optimized_type_check action=maybe_recompile pc=0x000002959cb00c04 method=com.google.common.cache.LocalCache$Segment.getEntry(Ljava/lang/Object;I)Lcom/google/common/cache/ReferenceEntry; @ 24 c2
Event: 4.496 Thread 0x00000295b3940350 DEOPT PACKING pc=0x000002959cb00c04 sp=0x000000a9f6af6f60
Event: 4.496 Thread 0x00000295b3940350 DEOPT UNPACKING pc=0x000002959c0e69a3 sp=0x000000a9f6af6ef8 mode 2
Event: 4.497 Thread 0x00000295b3940350 Uncommon trap: trap_request=0xffffffc6 fr.pc=0x000002959cb00c04 relative=0x00000000000003c4
Event: 4.497 Thread 0x00000295b3940350 Uncommon trap: reason=bimorphic_or_optimized_type_check action=maybe_recompile pc=0x000002959cb00c04 method=com.google.common.cache.LocalCache$Segment.getEntry(Ljava/lang/Object;I)Lcom/google/common/cache/ReferenceEntry; @ 24 c2
Event: 4.497 Thread 0x00000295b3940350 DEOPT PACKING pc=0x000002959cb00c04 sp=0x000000a9f6af6f60
Event: 4.497 Thread 0x00000295b3940350 DEOPT UNPACKING pc=0x000002959c0e69a3 sp=0x000000a9f6af6ef8 mode 2
Event: 4.497 Thread 0x00000295b3940350 Uncommon trap: trap_request=0xffffffc6 fr.pc=0x000002959cb00c04 relative=0x00000000000003c4
Event: 4.497 Thread 0x00000295b3940350 Uncommon trap: reason=bimorphic_or_optimized_type_check action=maybe_recompile pc=0x000002959cb00c04 method=com.google.common.cache.LocalCache$Segment.getEntry(Ljava/lang/Object;I)Lcom/google/common/cache/ReferenceEntry; @ 24 c2
Event: 4.497 Thread 0x00000295b3940350 DEOPT PACKING pc=0x000002959cb00c04 sp=0x000000a9f6af6f60
Event: 4.497 Thread 0x00000295b3940350 DEOPT UNPACKING pc=0x000002959c0e69a3 sp=0x000000a9f6af6ef8 mode 2

Classes unloaded (0 events):
No events

Classes redefined (0 events):
No events

Internal exceptions (20 events):
Event: 3.458 Thread 0x00000295b3940350 Exception <a 'java/lang/NoSuchMethodError'{0x000000008423bad8}: 'java.lang.Object java.lang.invoke.DirectMethodHandle$Holder.invokeSpecial(java.lang.Object, java.lang.Object, java.lang.Object, java.lang.Object, java.lang.Object, long)'> (0x000000008423bad8) 
thrown [s\src\hotspot\share\interpreter\linkResolver.cpp, line 771]
Event: 3.459 Thread 0x00000295b3940350 Exception <a 'java/lang/NoSuchMethodError'{0x000000008425ea08}: 'void java.lang.invoke.DirectMethodHandle$Holder.invokeStatic(java.lang.Object, java.lang.Object, java.lang.Object, int, java.lang.Object)'> (0x000000008425ea08) 
thrown [s\src\hotspot\share\interpreter\linkResolver.cpp, line 771]
Event: 3.678 Thread 0x00000295b3940350 Exception <a 'java/lang/NoSuchMethodError'{0x0000000084ff6130}: 'java.lang.Object java.lang.invoke.DirectMethodHandle$Holder.newInvokeSpecial(java.lang.Object, java.lang.Object, java.lang.Object, java.lang.Object, int, java.lang.Object)'> (0x0000000084ff6130) 
thrown [s\src\hotspot\share\interpreter\linkResolver.cpp, line 771]
Event: 3.678 Thread 0x00000295b3940350 Exception <a 'java/lang/NoSuchMethodError'{0x0000000084ffb440}: 'java.lang.Object java.lang.invoke.Invokers$Holder.linkToTargetMethod(java.lang.Object, java.lang.Object, java.lang.Object, int, java.lang.Object, java.lang.Object)'> (0x0000000084ffb440) 
thrown [s\src\hotspot\share\interpreter\linkResolver.cpp, line 771]
Event: 3.914 Thread 0x00000295b3940350 Exception <a 'java/lang/NoSuchMethodError'{0x0000000084444f58}: 'long java.lang.invoke.DirectMethodHandle$Holder.invokeVirtual(java.lang.Object, java.lang.Object)'> (0x0000000084444f58) 
thrown [s\src\hotspot\share\interpreter\linkResolver.cpp, line 771]
Event: 3.916 Thread 0x00000295b2e915e0 Exception <a 'java/lang/NoSuchMethodError'{0x000000008447d2a8}: static Lorg/gradle/internal/build/event/types/DefaultOperationFinishedProgressEvent;.<clinit>()V> (0x000000008447d2a8) 
thrown [s\src\hotspot\share\prims\jni.cpp, line 1127]
Event: 3.917 Thread 0x00000295b2e915e0 Exception <a 'java/lang/NoSuchMethodError'{0x0000000084300370}: static Lorg/gradle/internal/build/event/types/DefaultProjectConfigurationSuccessResult;.<clinit>()V> (0x0000000084300370) 
thrown [s\src\hotspot\share\prims\jni.cpp, line 1127]
Event: 3.917 Thread 0x00000295b2e915e0 Exception <a 'java/lang/NoSuchMethodError'{0x0000000084304fa8}: static Lorg/gradle/internal/build/event/types/AbstractProjectConfigurationResult;.<clinit>()V> (0x0000000084304fa8) 
thrown [s\src\hotspot\share\prims\jni.cpp, line 1127]
Event: 3.917 Thread 0x00000295b2e915e0 Exception <a 'java/lang/NoSuchMethodError'{0x00000000843066e8}: static Lorg/gradle/internal/build/event/types/AbstractOperationResult;.<clinit>()V> (0x00000000843066e8) 
thrown [s\src\hotspot\share\prims\jni.cpp, line 1127]
Event: 3.918 Thread 0x00000295b2e915e0 Exception <a 'java/lang/NoSuchMethodError'{0x0000000084307b58}: static Lorg/gradle/internal/build/event/types/AbstractResult;.<clinit>()V> (0x0000000084307b58) 
thrown [s\src\hotspot\share\prims\jni.cpp, line 1127]
Event: 3.918 Thread 0x00000295b2e915e0 Exception <a 'java/lang/NoSuchMethodError'{0x0000000084320aa8}: static Lorg/gradle/internal/build/event/types/DefaultPluginApplicationResult;.<clinit>()V> (0x0000000084320aa8) 
thrown [s\src\hotspot\share\prims\jni.cpp, line 1127]
Event: 3.919 Thread 0x00000295b2e915e0 Exception <a 'java/lang/NoSuchMethodError'{0x000000008432d498}: static Lorg/gradle/internal/build/event/types/DefaultBinaryPluginIdentifier;.<clinit>()V> (0x000000008432d498) 
thrown [s\src\hotspot\share\prims\jni.cpp, line 1127]
Event: 3.920 Thread 0x00000295b2e915e0 Exception <a 'java/lang/NoSuchMethodError'{0x0000000084347520}: static Lorg/gradle/internal/build/event/types/DefaultScriptPluginIdentifier;.<clinit>()V> (0x0000000084347520) 
thrown [s\src\hotspot\share\prims\jni.cpp, line 1127]
Event: 3.954 Thread 0x00000295b3940350 Implicit null exception at 0x000002959ca59b0f to 0x000002959ca5a19c
Event: 3.954 Thread 0x00000295b3940350 Implicit null exception at 0x000002959ca54e94 to 0x000002959ca55528
Event: 4.219 Thread 0x00000295b3940350 Exception <a 'java/lang/NoSuchMethodError'{0x0000000084f28818}: 'void java.lang.invoke.Invokers$Holder.invoke_MT(java.lang.Object, java.lang.Object, java.lang.Object, java.lang.Object)'> (0x0000000084f28818) 
thrown [s\src\hotspot\share\interpreter\linkResolver.cpp, line 771]
Event: 4.224 Thread 0x00000295b3940350 Exception <a 'java/lang/NoSuchMethodError'{0x0000000084fa87d0}: 'java.lang.Object java.lang.invoke.DirectMethodHandle$Holder.invokeSpecial(java.lang.Object, java.lang.Object, java.lang.Object, int, java.lang.Object, java.lang.Object)'> (0x0000000084fa87d0) 
thrown [s\src\hotspot\share\interpreter\linkResolver.cpp, line 771]
Event: 4.236 Thread 0x00000295b3940350 Exception <a 'java/lang/ClassNotFoundException'{0x0000000084dc1f28}: sun/misc/SharedSecrets> (0x0000000084dc1f28) 
thrown [s\src\hotspot\share\classfile\systemDictionary.cpp, line 256]
Event: 4.236 Thread 0x00000295b3940350 Exception <a 'java/lang/ClassNotFoundException'{0x0000000084dc7ef0}: org/gradle/api/internal/plugins/DefaultObjectConfigurationActionBeanInfo> (0x0000000084dc7ef0) 
thrown [s\src\hotspot\share\classfile\systemDictionary.cpp, line 256]
Event: 4.236 Thread 0x00000295b3940350 Exception <a 'java/lang/ClassNotFoundException'{0x0000000084dddfd8}: org/gradle/api/internal/plugins/DefaultObjectConfigurationActionCustomizer> (0x0000000084dddfd8) 
thrown [s\src\hotspot\share\classfile\systemDictionary.cpp, line 256]

VM Operations (20 events):
Event: 3.923 Executing VM operation: ICBufferFull done
Event: 3.944 Executing VM operation: G1CollectForAllocation
Event: 3.945 Executing VM operation: G1CollectForAllocation done
Event: 3.960 Executing VM operation: G1TryInitiateConcMark
Event: 3.961 Executing VM operation: G1TryInitiateConcMark done
Event: 3.969 Executing VM operation: G1PauseRemark
Event: 3.971 Executing VM operation: G1PauseRemark done
Event: 3.976 Executing VM operation: G1PauseCleanup
Event: 3.976 Executing VM operation: G1PauseCleanup done
Event: 4.343 Executing VM operation: G1CollectForAllocation
Event: 4.346 Executing VM operation: G1CollectForAllocation done
Event: 4.355 Executing VM operation: G1CollectForAllocation
Event: 4.356 Executing VM operation: G1CollectForAllocation done
Event: 4.400 Executing VM operation: G1TryInitiateConcMark
Event: 4.401 Executing VM operation: G1TryInitiateConcMark done
Event: 4.410 Executing VM operation: G1PauseRemark
Event: 4.412 Executing VM operation: G1PauseRemark done
Event: 4.417 Executing VM operation: G1PauseCleanup
Event: 4.417 Executing VM operation: G1PauseCleanup done
Event: 4.520 Executing VM operation: G1CollectForAllocation

Events (20 events):
Event: 3.728 Thread 0x00000295b668ed20 Thread added: 0x00000295b668ed20
Event: 3.731 Thread 0x00000295b668b570 Thread added: 0x00000295b668b570
Event: 3.733 Thread 0x00000295b668f230 Thread added: 0x00000295b668f230
Event: 3.735 Thread 0x00000295b668f740 Thread added: 0x00000295b668f740
Event: 3.736 Thread 0x00000295b668bf90 Thread added: 0x00000295b668bf90
Event: 3.738 Thread 0x00000295b668fc50 Thread added: 0x00000295b668fc50
Event: 3.740 Thread 0x00000295b668c4a0 Thread added: 0x00000295b668c4a0
Event: 3.915 loading class java/util/stream/SortedOps$RefSortingSink
Event: 3.915 loading class java/util/stream/SortedOps$RefSortingSink done
Event: 3.919 loading class java/time/Ser
Event: 3.919 loading class java/time/Ser done
Event: 4.195 Thread 0x00000295b20b1330 Thread exited: 0x00000295b20b1330
Event: 4.222 loading class java/lang/ProcessBuilder
Event: 4.223 loading class java/lang/ProcessBuilder done
Event: 4.235 loading class sun/misc/SharedSecrets
Event: 4.235 loading class sun/misc/SharedSecrets done
Event: 4.237 loading class jdk/internal/reflect/UnsafeObjectFieldAccessorImpl
Event: 4.237 loading class jdk/internal/reflect/UnsafeObjectFieldAccessorImpl done
Event: 4.481 loading class java/util/regex/Pattern$1
Event: 4.481 loading class java/util/regex/Pattern$1 done


Dynamic libraries:
0x00007ff701390000 - 0x00007ff70139a000 	D:\JetBrains\Toolbox\Android Studio\jbr\bin\java.exe
0x00007ff98a400000 - 0x00007ff98a668000 	C:\WINDOWS\SYSTEM32\ntdll.dll
0x00007ff988250000 - 0x00007ff988319000 	C:\WINDOWS\System32\KERNEL32.DLL
0x00007ff987750000 - 0x00007ff987b3d000 	C:\WINDOWS\System32\KERNELBASE.dll
0x00007ff987550000 - 0x00007ff98769b000 	C:\WINDOWS\System32\ucrtbase.dll
0x00007ff950bf0000 - 0x00007ff950c07000 	D:\JetBrains\Toolbox\Android Studio\jbr\bin\jli.dll
0x00007ff9802d0000 - 0x00007ff9802eb000 	D:\JetBrains\Toolbox\Android Studio\jbr\bin\VCRUNTIME140.dll
0x00007ff989640000 - 0x00007ff98980c000 	C:\WINDOWS\System32\USER32.dll
0x00007ff987f00000 - 0x00007ff987f27000 	C:\WINDOWS\System32\win32u.dll
0x00007ff988940000 - 0x00007ff98896b000 	C:\WINDOWS\System32\GDI32.dll
0x00007ff987f30000 - 0x00007ff988067000 	C:\WINDOWS\System32\gdi32full.dll
0x00007ff96d9e0000 - 0x00007ff96dc7a000 	C:\WINDOWS\WinSxS\amd64_microsoft.windows.common-controls_6595b64144ccf1df_6.0.26100.4484_none_3e0e6d4ce32ef3b3\COMCTL32.dll
0x00007ff9876a0000 - 0x00007ff987743000 	C:\WINDOWS\System32\msvcp_win.dll
0x00007ff989af0000 - 0x00007ff989b99000 	C:\WINDOWS\System32\msvcrt.dll
0x00007ff989da0000 - 0x00007ff989dcf000 	C:\WINDOWS\System32\IMM32.DLL
0x00007ff97fe90000 - 0x00007ff97fe9c000 	D:\JetBrains\Toolbox\Android Studio\jbr\bin\vcruntime140_1.dll
0x00007ff948cd0000 - 0x00007ff948d5d000 	D:\JetBrains\Toolbox\Android Studio\jbr\bin\msvcp140.dll
0x00007ff8aab30000 - 0x00007ff8ab7b3000 	D:\JetBrains\Toolbox\Android Studio\jbr\bin\server\jvm.dll
0x00007ff989ba0000 - 0x00007ff989c54000 	C:\WINDOWS\System32\ADVAPI32.dll
0x00007ff988d10000 - 0x00007ff988db6000 	C:\WINDOWS\System32\sechost.dll
0x00007ff989c60000 - 0x00007ff989d78000 	C:\WINDOWS\System32\RPCRT4.dll
0x00007ff97c650000 - 0x00007ff97c685000 	C:\WINDOWS\SYSTEM32\WINMM.dll
0x00007ff9872f0000 - 0x00007ff98734e000 	C:\WINDOWS\SYSTEM32\POWRPROF.dll
0x00007ff97fb20000 - 0x00007ff97fb2b000 	C:\WINDOWS\SYSTEM32\VERSION.dll
0x00007ff97d1d0000 - 0x00007ff97d1da000 	C:\WINDOWS\SYSTEM32\WSOCK32.dll
0x00007ff988970000 - 0x00007ff9889e4000 	C:\WINDOWS\System32\WS2_32.dll
0x00007ff9872d0000 - 0x00007ff9872e4000 	C:\WINDOWS\SYSTEM32\UMPDC.dll
0x00007ff9862f0000 - 0x00007ff98630b000 	C:\WINDOWS\SYSTEM32\kernel.appcore.dll
0x00007ff9720d0000 - 0x00007ff9720da000 	D:\JetBrains\Toolbox\Android Studio\jbr\bin\jimage.dll
0x00007ff984280000 - 0x00007ff9844c1000 	C:\WINDOWS\SYSTEM32\DBGHELP.DLL
0x00007ff9883d0000 - 0x00007ff988756000 	C:\WINDOWS\System32\combase.dll
0x00007ff989810000 - 0x00007ff9898f0000 	C:\WINDOWS\System32\OLEAUT32.dll
0x00007ff96cd50000 - 0x00007ff96cd93000 	C:\WINDOWS\SYSTEM32\dbgcore.DLL
0x00007ff988100000 - 0x00007ff988199000 	C:\WINDOWS\System32\bcryptPrimitives.dll
0x00007ff9691a0000 - 0x00007ff9691ae000 	D:\JetBrains\Toolbox\Android Studio\jbr\bin\instrument.dll
0x00007ff956d10000 - 0x00007ff956d35000 	D:\JetBrains\Toolbox\Android Studio\jbr\bin\java.dll
0x00007ff96ceb0000 - 0x00007ff96cec8000 	D:\JetBrains\Toolbox\Android Studio\jbr\bin\zip.dll
0x00007ff988df0000 - 0x00007ff98953a000 	C:\WINDOWS\System32\SHELL32.dll
0x00007ff987d80000 - 0x00007ff987ef4000 	C:\WINDOWS\System32\wintypes.dll
0x00007ff9851d0000 - 0x00007ff985a2b000 	C:\WINDOWS\SYSTEM32\windows.storage.dll
0x00007ff989540000 - 0x00007ff989635000 	C:\WINDOWS\System32\SHCORE.dll
0x00007ff989e30000 - 0x00007ff989e9a000 	C:\WINDOWS\System32\shlwapi.dll
0x00007ff987460000 - 0x00007ff98748f000 	C:\WINDOWS\SYSTEM32\profapi.dll
0x00007ff9628a0000 - 0x00007ff9628b9000 	D:\JetBrains\Toolbox\Android Studio\jbr\bin\net.dll
0x00007ff97fb90000 - 0x00007ff97fcae000 	C:\WINDOWS\SYSTEM32\WINHTTP.dll
0x00007ff986880000 - 0x00007ff9868ea000 	C:\WINDOWS\system32\mswsock.dll
0x00007ff950c10000 - 0x00007ff950c26000 	D:\JetBrains\Toolbox\Android Studio\jbr\bin\nio.dll
0x00007ff96e960000 - 0x00007ff96e970000 	D:\JetBrains\Toolbox\Android Studio\jbr\bin\verify.dll
0x00007ff96cf80000 - 0x00007ff96cfa7000 	D:\AndroidSDK\gradle\native\c067742578af261105cb4f569cf0c3c89f3d7b1fecec35dd04571415982c5e48\windows-amd64\native-platform.dll
0x00007ff906a50000 - 0x00007ff906b94000 	D:\AndroidSDK\gradle\native\38dada09dfb8b06ba9b0570ebf7e218e3eb74d4ef43ca46872605cf95ebc2f47\windows-amd64\native-platform-file-events.dll
0x00007ff96fb70000 - 0x00007ff96fb79000 	D:\JetBrains\Toolbox\Android Studio\jbr\bin\management.dll
0x00007ff96fb10000 - 0x00007ff96fb1b000 	D:\JetBrains\Toolbox\Android Studio\jbr\bin\management_ext.dll
0x00007ff989d90000 - 0x00007ff989d98000 	C:\WINDOWS\System32\PSAPI.DLL
0x00007ff986b30000 - 0x00007ff986b4b000 	C:\WINDOWS\SYSTEM32\CRYPTSP.dll
0x00007ff986250000 - 0x00007ff98628b000 	C:\WINDOWS\system32\rsaenh.dll
0x00007ff986920000 - 0x00007ff98694b000 	C:\WINDOWS\SYSTEM32\USERENV.dll
0x00007ff987430000 - 0x00007ff987456000 	C:\WINDOWS\SYSTEM32\bcrypt.dll
0x00007ff986b50000 - 0x00007ff986b5c000 	C:\WINDOWS\SYSTEM32\CRYPTBASE.dll
0x00007ff985d20000 - 0x00007ff985d53000 	C:\WINDOWS\SYSTEM32\IPHLPAPI.DLL
0x00007ff988320000 - 0x00007ff98832a000 	C:\WINDOWS\System32\NSI.dll
0x00007ff97fb60000 - 0x00007ff97fb7f000 	C:\WINDOWS\SYSTEM32\dhcpcsvc6.DLL
0x00007ff97fb30000 - 0x00007ff97fb55000 	C:\WINDOWS\SYSTEM32\dhcpcsvc.DLL
0x00007ff985db0000 - 0x00007ff985ed6000 	C:\WINDOWS\SYSTEM32\DNSAPI.dll
0x00007ff9720c0000 - 0x00007ff9720c9000 	D:\JetBrains\Toolbox\Android Studio\jbr\bin\extnet.dll
0x00007ff956ef0000 - 0x00007ff956ef8000 	C:\WINDOWS\system32\wshunix.dll

dbghelp: loaded successfully - version: 4.0.5 - missing functions: none
symbol engine: initialized successfully - sym options: 0x614 - pdb path: .;D:\JetBrains\Toolbox\Android Studio\jbr\bin;C:\WINDOWS\SYSTEM32;C:\WINDOWS\WinSxS\amd64_microsoft.windows.common-controls_6595b64144ccf1df_6.0.26100.4484_none_3e0e6d4ce32ef3b3;D:\JetBrains\Toolbox\Android Studio\jbr\bin\server;D:\AndroidSDK\gradle\native\c067742578af261105cb4f569cf0c3c89f3d7b1fecec35dd04571415982c5e48\windows-amd64;D:\AndroidSDK\gradle\native\38dada09dfb8b06ba9b0570ebf7e218e3eb74d4ef43ca46872605cf95ebc2f47\windows-amd64

VM Arguments:
jvm_args: --add-opens=java.base/java.util=ALL-UNNAMED --add-opens=java.base/java.lang=ALL-UNNAMED --add-opens=java.base/java.lang.invoke=ALL-UNNAMED --add-opens=java.prefs/java.util.prefs=ALL-UNNAMED --add-opens=java.base/java.nio.charset=ALL-UNNAMED --add-opens=java.base/java.net=ALL-UNNAMED --add-opens=java.base/java.util.concurrent.atomic=ALL-UNNAMED -Xmx2048m -Dfile.encoding=UTF-8 -Duser.country=CN -Duser.language=zh -Duser.variant -javaagent:D:\AndroidSDK\gradle\wrapper\dists\gradle-8.7-bin\bhs2wmbdwecv87pi65oeuq5iu\gradle-8.7\lib\agents\gradle-instrumentation-agent-8.7.jar 
java_command: org.gradle.launcher.daemon.bootstrap.GradleDaemon 8.7
java_class_path (initial): D:\AndroidSDK\gradle\wrapper\dists\gradle-8.7-bin\bhs2wmbdwecv87pi65oeuq5iu\gradle-8.7\lib\gradle-launcher-8.7.jar
Launcher Type: SUN_STANDARD

[Global flags]
     intx CICompilerCount                          = 12                                        {product} {ergonomic}
     uint ConcGCThreads                            = 5                                         {product} {ergonomic}
     uint G1ConcRefinementThreads                  = 20                                        {product} {ergonomic}
   size_t G1HeapRegionSize                         = 1048576                                   {product} {ergonomic}
    uintx GCDrainStackTargetSize                   = 64                                        {product} {ergonomic}
   size_t InitialHeapSize                          = 264241152                                 {product} {ergonomic}
   size_t MarkStackSize                            = 4194304                                   {product} {ergonomic}
   size_t MaxHeapSize                              = 2147483648                                {product} {command line}
   size_t MaxNewSize                               = 1287651328                                {product} {ergonomic}
   size_t MinHeapDeltaBytes                        = 1048576                                   {product} {ergonomic}
   size_t MinHeapSize                              = 8388608                                   {product} {ergonomic}
    uintx NonNMethodCodeHeapSize                   = 7602480                                {pd product} {ergonomic}
    uintx NonProfiledCodeHeapSize                  = 122027880                              {pd product} {ergonomic}
    uintx ProfiledCodeHeapSize                     = 122027880                              {pd product} {ergonomic}
    uintx ReservedCodeCacheSize                    = 251658240                              {pd product} {ergonomic}
     bool SegmentedCodeCache                       = true                                      {product} {ergonomic}
   size_t SoftMaxHeapSize                          = 2147483648                             {manageable} {ergonomic}
     bool UseCompressedClassPointers               = true                           {product lp64_product} {ergonomic}
     bool UseCompressedOops                        = true                           {product lp64_product} {ergonomic}
     bool UseG1GC                                  = true                                      {product} {ergonomic}
     bool UseLargePagesIndividualAllocation        = false                                  {pd product} {ergonomic}

Logging:
Log output configuration:
 #0: stdout all=warning uptime,level,tags
 #1: stderr all=off uptime,level,tags

Environment Variables:
PATH=C:\Program Files (x86)\Common Files\Oracle\Java\javapath;D:\Program Files\Git\cmd;C:\Program Files\dotnet\;D:\phyon\Scripts\;D:\phyon\;C:\Users\joker\AppData\Local\Microsoft\WindowsApps;C:\Users\joker\AppData\Local\JetBrains\Toolbox\scripts;%PyCharm Community Edition%;%USERPROFILE%\AppData\Local\Microsoft\WindowsApps;C:\Program Files (x86)\Tencent\QQGameTempest\Hall.58574\
USERNAME=joker
OS=Windows_NT
PROCESSOR_IDENTIFIER=Intel64 Family 6 Model 183 Stepping 1, GenuineIntel
TMP=C:\Users\joker\AppData\Local\Temp
TEMP=C:\Users\joker\AppData\Local\Temp



Periodic native trim disabled

JNI global refs:
JNI global refs: 36, weak refs: 0

JNI global refs memory usage: 843, weak refs: 841

Process memory usage:
Resident Set Size: 274368K (1% of 16478072K total physical memory with 502516K free physical memory)

OOME stack traces (most recent first):
Classloader memory used:
Loader org.gradle.internal.classloader.VisitableURLClassLoader                         : 3529K
Loader bootstrap                                                                       : 2491K
Loader org.gradle.initialization.MixInLegacyTypesClassLoader                           : 1125K
Loader org.gradle.internal.classloader.VisitableURLClassLoader$InstrumentingVisitableURLClassLoader: 233K
Loader jdk.internal.loader.ClassLoaders$PlatformClassLoader                            : 70167B
Loader jdk.internal.loader.ClassLoaders$AppClassLoader                                 : 28758B
Loader jdk.internal.reflect.DelegatingClassLoader                                      : 24355B
Loader org.gradle.internal.classloader.VisitableURLClassLoader                         : 21212B

Classes loaded by more than one classloader:
Class Program                                                                         : loaded 4 times (x 72B)
Class com.google.common.collect.SingletonImmutableList                                : loaded 2 times (x 167B)
Class org.gradle.internal.classpath.ClassPath                                         : loaded 2 times (x 68B)
Class org.gradle.api.internal.classpath.DefaultModuleRegistry                         : loaded 2 times (x 84B)
Class Settings_gradle$1$1                                                             : loaded 2 times (x 72B)
Class com.google.common.collect.ListMultimap                                          : loaded 2 times (x 68B)
Class com.google.common.base.CharMatcher$JavaDigit                                    : loaded 2 times (x 109B)
Class com.google.common.base.CharMatcher$Digit                                        : loaded 2 times (x 110B)
Class com.google.common.collect.AbstractMultimap                                      : loaded 2 times (x 121B)
Class org.gradle.api.Action                                                           : loaded 2 times (x 68B)
Class com.google.common.collect.Lists$StringAsImmutableList                           : loaded 2 times (x 167B)
Class com.google.common.base.CharMatcher                                              : loaded 2 times (x 109B)
Class com.google.common.base.CharMatcher$IsNot                                        : loaded 2 times (x 109B)
Class com.google.common.base.Splitter                                                 : loaded 2 times (x 70B)
Class org.gradle.api.internal.DefaultClassPathProvider                                : loaded 2 times (x 74B)
Class org.gradle.internal.installation.GradleInstallation$1                           : loaded 2 times (x 73B)
Class com.google.common.base.CharMatcher$BitSetMatcher                                : loaded 2 times (x 110B)
Class com.google.common.collect.ImmutableMap$IteratorBasedImmutableMap                : loaded 2 times (x 123B)
Class com.google.common.collect.ImmutableMap                                          : loaded 2 times (x 118B)
Class com.google.common.base.Converter                                                : loaded 2 times (x 88B)
Class com.google.common.base.Predicate                                                : loaded 2 times (x 68B)
Class org.gradle.internal.classloader.FilteringClassLoader                            : loaded 2 times (x 103B)
Class org.gradle.internal.classpath.DefaultClassPath$ImmutableUniqueList$Builder      : loaded 2 times (x 73B)
Class com.google.common.collect.Maps$8                                                : loaded 2 times (x 80B)
Class com.google.common.base.PatternCompiler                                          : loaded 2 times (x 68B)
Class com.google.common.base.CharMatcher$InRange                                      : loaded 2 times (x 109B)
Class com.google.common.collect.BiMap                                                 : loaded 2 times (x 68B)
Class com.google.common.collect.Lists                                                 : loaded 2 times (x 69B)
Class org.gradle.internal.classloader.ClassLoaderVisitor                              : loaded 2 times (x 74B)
Class org.gradle.internal.service.DefaultServiceLocator                               : loaded 2 times (x 81B)
Class org.gradle.internal.service.UnknownServiceException                             : loaded 2 times (x 81B)
Class com.google.common.collect.ArrayListMultimap                                     : loaded 2 times (x 170B)
Class com.google.common.base.Strings                                                  : loaded 2 times (x 69B)
Class org.gradle.internal.classloader.DefaultClassLoaderFactory                       : loaded 2 times (x 80B)
Class com.google.common.collect.UnmodifiableIterator                                  : loaded 2 times (x 78B)
Class com.google.common.base.Platform$JdkPatternCompiler                              : loaded 2 times (x 73B)
Class com.google.common.base.CharMatcher$SingleWidth                                  : loaded 2 times (x 110B)
Class com.google.common.base.JdkPattern                                               : loaded 2 times (x 73B)
Class com.google.common.collect.Multimap                                              : loaded 2 times (x 68B)
Class org.gradle.internal.classloader.VisitableURLClassLoader$Spec                    : loaded 2 times (x 72B)
Class org.gradle.api.GradleException                                                  : loaded 2 times (x 80B)
Class com.google.common.base.CharMatcher$JavaLetterOrDigit                            : loaded 2 times (x 109B)
Class org.gradle.api.internal.classpath.ModuleRegistry                                : loaded 2 times (x 68B)
Class com.google.common.collect.ImmutableCollection                                   : loaded 2 times (x 123B)
Class org.gradle.api.internal.ClassPathProvider                                       : loaded 2 times (x 68B)
Class org.gradle.internal.classloader.ClasspathUtil$1                                 : loaded 2 times (x 74B)
Class com.google.common.collect.ImmutableEnumMap                                      : loaded 2 times (x 123B)
Class com.google.common.collect.ImmutableList$ReverseImmutableList                    : loaded 2 times (x 168B)
Class org.gradle.internal.classloader.ClassLoaderFactory                              : loaded 2 times (x 68B)
Class com.google.common.collect.ObjectArrays                                          : loaded 2 times (x 69B)
Class com.google.common.collect.ImmutableList                                         : loaded 2 times (x 166B)
Class org.gradle.api.internal.classpath.ManifestUtil                                  : loaded 2 times (x 69B)
Class org.gradle.api.specs.Spec                                                       : loaded 2 times (x 68B)
Class com.google.common.base.CharMatcher$Whitespace                                   : loaded 2 times (x 110B)
Class com.google.common.base.Preconditions                                            : loaded 2 times (x 69B)
Class com.google.common.base.Function                                                 : loaded 2 times (x 68B)
Class org.gradle.internal.IoActions                                                   : loaded 2 times (x 69B)
Class com.google.common.collect.CollectPreconditions                                  : loaded 2 times (x 69B)
Class com.google.common.collect.Maps                                                  : loaded 2 times (x 69B)
Class com.google.common.collect.AbstractIndexedListIterator                           : loaded 2 times (x 94B)
Class com.google.common.base.CharMatcher$None                                         : loaded 2 times (x 110B)
Class org.gradle.api.internal.classpath.EffectiveClassPath                            : loaded 2 times (x 88B)
Class com.google.common.collect.UnmodifiableListIterator                              : loaded 2 times (x 93B)
Class com.google.common.collect.ImmutableList$1                                       : loaded 2 times (x 95B)
Class com.google.common.base.Splitter$Strategy                                        : loaded 2 times (x 68B)
Class org.gradle.internal.installation.CurrentGradleInstallation                      : loaded 2 times (x 71B)
Class org.gradle.internal.agents.InstrumentingClassLoader                             : loaded 2 times (x 68B)
Class org.gradle.internal.installation.CurrentGradleInstallationLocator               : loaded 2 times (x 69B)
Class org.gradle.api.internal.classpath.Module                                        : loaded 2 times (x 68B)
Class com.google.common.base.Splitter$1$1                                             : loaded 2 times (x 84B)
Class org.gradle.internal.service.CachingServiceLocator                               : loaded 2 times (x 80B)
Class org.gradle.internal.classpath.DefaultClassPath                                  : loaded 2 times (x 88B)
Class com.google.common.base.Splitter$SplittingIterator                               : loaded 2 times (x 82B)
Class Build_gradle$1                                                                  : loaded 2 times (x 76B)
Class com.google.common.base.CharMatcher$Is                                           : loaded 2 times (x 109B)
Class com.google.common.base.Platform                                                 : loaded 2 times (x 69B)
Class com.google.common.collect.RegularImmutableAsList                                : loaded 2 times (x 176B)
Class com.google.common.collect.ImmutableBiMapFauxverideShim                          : loaded 2 times (x 118B)
Class org.gradle.internal.classloader.SystemClassLoaderSpec                           : loaded 2 times (x 69B)
Class [Lcom.google.common.base.AbstractIterator$State;                                : loaded 2 times (x 67B)
Class com.google.common.base.AbstractIterator                                         : loaded 2 times (x 78B)
Class com.google.common.base.AbstractIterator$1                                       : loaded 2 times (x 69B)
Class com.google.common.base.CharMatcher$1                                            : loaded 2 times (x 111B)
Class com.google.common.base.CharMatcher$Ascii                                        : loaded 2 times (x 110B)
Class org.gradle.api.UncheckedIOException                                             : loaded 2 times (x 80B)
Class com.google.common.base.CharMatcher$And                                          : loaded 2 times (x 110B)
Class com.google.common.collect.AbstractListMultimap                                  : loaded 2 times (x 170B)
Class com.google.common.base.CharMatcher$Any                                          : loaded 2 times (x 110B)
Class org.gradle.internal.installation.GradleInstallation                             : loaded 2 times (x 73B)
Class com.google.common.collect.ArrayListMultimapGwtSerializationDependencies         : loaded 2 times (x 170B)
Class com.google.common.base.CharMatcher$RangesMatcher                                : loaded 2 times (x 110B)
Class com.google.common.collect.ImmutableList$SubList                                 : loaded 2 times (x 168B)
Class org.gradle.internal.classloader.ClasspathUtil                                   : loaded 2 times (x 69B)
Class com.google.common.base.Splitter$1                                               : loaded 2 times (x 75B)
Class com.google.common.collect.Maps$BiMapConverter                                   : loaded 2 times (x 88B)
Class org.gradle.api.internal.DefaultClassPathRegistry                                : loaded 2 times (x 74B)
Class org.gradle.api.internal.classpath.DefaultModuleRegistry$DefaultModule           : loaded 2 times (x 84B)
Class com.google.common.base.CharMatcher$JavaIsoControl                               : loaded 2 times (x 110B)
Class com.google.common.collect.ImmutableMap$1                                        : loaded 2 times (x 79B)
Class com.google.common.base.CharMatcher$Or                                           : loaded 2 times (x 110B)
Class org.gradle.kotlin.dsl.VersionCatalogAccessorsKt                                 : loaded 2 times (x 69B)
Class com.google.common.collect.Iterables                                             : loaded 2 times (x 69B)
Class com.google.common.base.CharMatcher$JavaLowerCase                                : loaded 2 times (x 109B)
Class org.gradle.api.internal.classpath.UnknownModuleException                        : loaded 2 times (x 80B)
Class com.google.common.collect.Maps$EntryTransformer                                 : loaded 2 times (x 68B)
Class com.google.common.base.CommonPattern                                            : loaded 2 times (x 72B)
Class org.gradle.internal.service.ServiceLookupException                              : loaded 2 times (x 80B)
Class org.gradle.cache.GlobalCache                                                    : loaded 2 times (x 68B)
Class com.google.common.base.CharMatcher$NegatedFastMatcher                           : loaded 2 times (x 111B)
Class [Lorg.gradle.api.internal.ClassPathProvider;                                    : loaded 2 times (x 67B)
Class org.gradle.util.internal.GUtil                                                  : loaded 2 times (x 69B)
Class org.gradle.internal.classloader.ClassLoaderSpec                                 : loaded 2 times (x 69B)
Class com.google.common.base.NullnessCasts                                            : loaded 2 times (x 69B)
Class com.google.common.base.CharMatcher$Negated                                      : loaded 2 times (x 111B)
Class com.google.common.base.CharMatcher$ForPredicate                                 : loaded 2 times (x 110B)
Class com.google.common.collect.ImmutableMap$MapViewOfValuesAsSingletonSets           : loaded 2 times (x 123B)
Class com.google.common.collect.SortedMapDifference                                   : loaded 2 times (x 68B)
Class org.gradle.internal.classloader.VisitableURLClassLoader                         : loaded 2 times (x 115B)
Class com.google.common.collect.ImmutableBiMap                                        : loaded 2 times (x 141B)
Class org.gradle.internal.Cast                                                        : loaded 2 times (x 69B)
Class Build_gradle                                                                    : loaded 2 times (x 70B)
Class org.gradle.api.internal.ClassPathRegistry                                       : loaded 2 times (x 68B)
Class org.gradle.internal.classloader.VisitableURLClassLoader$InstrumentingVisitableURLClassLoader: loaded 2 times (x 121B)
Class org.gradle.internal.classloader.ClassLoaderHierarchy                            : loaded 2 times (x 68B)
Class com.google.common.base.AbstractIterator$State                                   : loaded 2 times (x 77B)
Class com.google.common.base.CharMatcher$NamedFastMatcher                             : loaded 2 times (x 110B)
Class org.gradle.internal.InternalTransformer                                         : loaded 2 times (x 68B)
Class org.gradle.internal.service.ServiceLocator                                      : loaded 2 times (x 68B)
Class Settings_gradle$1                                                               : loaded 2 times (x 72B)
Class com.google.common.base.CharMatcher$Invisible                                    : loaded 2 times (x 110B)
Class com.google.common.base.CharMatcher$FastMatcher                                  : loaded 2 times (x 109B)
Class org.gradle.internal.classpath.DefaultClassPath$ImmutableUniqueList              : loaded 2 times (x 159B)
Class com.google.common.base.CharMatcher$JavaLetter                                   : loaded 2 times (x 109B)
Class org.gradle.internal.classpath.TransformedClassPath                              : loaded 2 times (x 94B)
Class com.google.common.collect.MapDifference                                         : loaded 2 times (x 68B)
Class Settings_gradle                                                                 : loaded 2 times (x 126B)
Class com.google.common.collect.Platform                                              : loaded 2 times (x 69B)
Class com.google.common.collect.ImmutableAsList                                       : loaded 2 times (x 169B)
Class com.google.common.base.CharMatcher$AnyOf                                        : loaded 2 times (x 110B)
Class com.google.common.base.CharMatcher$IsEither                                     : loaded 2 times (x 109B)
Class com.google.common.collect.RegularImmutableList                                  : loaded 2 times (x 172B)
Class com.google.common.base.CharMatcher$JavaUpperCase                                : loaded 2 times (x 109B)
Class com.google.common.collect.Multiset                                              : loaded 2 times (x 68B)
Class com.google.common.collect.AbstractMapBasedMultimap                              : loaded 2 times (x 137B)


---------------  S Y S T E M  ---------------

OS:
 Windows 11 , 64 bit Build 26100 (10.0.26100.4484)
OS uptime: 3 days 13:18 hours

CPU: total 28 (initial active 28) (14 cores per cpu, 2 threads per core) family 6 model 183 stepping 1 microcode 0x125, cx8, cmov, fxsr, ht, mmx, 3dnowpref, sse, sse2, sse3, ssse3, sse4.1, sse4.2, popcnt, lzcnt, tsc, tscinvbit, avx, avx2, aes, erms, clmul, bmi1, bmi2, adx, sha, fma, vzeroupper, clflush, clflushopt, clwb
Processor Information for processor 0
  Max Mhz: 2100, Current Mhz: 2100, Mhz Limit: 2100
Processor Information for processor 1
  Max Mhz: 2100, Current Mhz: 2100, Mhz Limit: 2100
Processor Information for processor 2
  Max Mhz: 2100, Current Mhz: 2100, Mhz Limit: 2100
Processor Information for processor 3
  Max Mhz: 2100, Current Mhz: 1453, Mhz Limit: 2100
Processor Information for processor 4
  Max Mhz: 2100, Current Mhz: 2100, Mhz Limit: 2100
Processor Information for processor 5
  Max Mhz: 2100, Current Mhz: 1453, Mhz Limit: 2100
Processor Information for processor 6
  Max Mhz: 2100, Current Mhz: 2100, Mhz Limit: 2100
Processor Information for processor 7
  Max Mhz: 2100, Current Mhz: 1453, Mhz Limit: 2100
Processor Information for processor 8
  Max Mhz: 2100, Current Mhz: 1453, Mhz Limit: 2100
Processor Information for processor 9
  Max Mhz: 2100, Current Mhz: 2100, Mhz Limit: 2100
Processor Information for processor 10
  Max Mhz: 2100, Current Mhz: 2100, Mhz Limit: 2100
Processor Information for processor 11
  Max Mhz: 2100, Current Mhz: 2100, Mhz Limit: 2100
Processor Information for processor 12
  Max Mhz: 2100, Current Mhz: 2100, Mhz Limit: 2100
Processor Information for processor 13
  Max Mhz: 2100, Current Mhz: 1453, Mhz Limit: 2100
Processor Information for processor 14
  Max Mhz: 2100, Current Mhz: 2100, Mhz Limit: 2100
Processor Information for processor 15
  Max Mhz: 2100, Current Mhz: 1453, Mhz Limit: 2100
Processor Information for processor 16
  Max Mhz: 2100, Current Mhz: 1540, Mhz Limit: 2100
Processor Information for processor 17
  Max Mhz: 2100, Current Mhz: 1540, Mhz Limit: 2100
Processor Information for processor 18
  Max Mhz: 2100, Current Mhz: 2100, Mhz Limit: 2100
Processor Information for processor 19
  Max Mhz: 2100, Current Mhz: 2100, Mhz Limit: 2100
Processor Information for processor 20
  Max Mhz: 2100, Current Mhz: 2100, Mhz Limit: 2100
Processor Information for processor 21
  Max Mhz: 2100, Current Mhz: 2100, Mhz Limit: 2100
Processor Information for processor 22
  Max Mhz: 2100, Current Mhz: 1540, Mhz Limit: 2100
Processor Information for processor 23
  Max Mhz: 2100, Current Mhz: 1540, Mhz Limit: 2100
Processor Information for processor 24
  Max Mhz: 2100, Current Mhz: 2100, Mhz Limit: 2100
Processor Information for processor 25
  Max Mhz: 2100, Current Mhz: 1540, Mhz Limit: 2100
Processor Information for processor 26
  Max Mhz: 2100, Current Mhz: 1540, Mhz Limit: 2100
Processor Information for processor 27
  Max Mhz: 2100, Current Mhz: 1540, Mhz Limit: 2100

Memory: 4k page, system-wide physical 16091M (490M free)
TotalPageFile size 28379M (AvailPageFile size 35M)
current process WorkingSet (physical memory assigned to process): 269M, peak: 309M
current process commit charge ("private bytes"): 360M, peak: 451M

vm_info: OpenJDK 64-Bit Server VM (17.0.11+0--11852314) for windows-amd64 JRE (17.0.11+0--11852314), built on May 16 2024 21:29:20 by "androidbuild" with MS VC++ 16.10 / 16.11 (VS2019)

END.
